[0mGET / [33m404 [0m14.765 ms - 2466[0m
[0mGET / [33m404 [0m0.971 ms - 2466[0m
[0mGET / [33m404 [0m0.782 ms - 2466[0m
[0mGET / [33m404 [0m0.962 ms - 2466[0m
[0mGET / [33m404 [0m1.000 ms - 2466[0m
[0mGET / [33m404 [0m1.316 ms - 2466[0m
[0mGET / [33m404 [0m0.845 ms - 2466[0m
[0mGET / [33m404 [0m9.065 ms - 2466[0m
[0mGET /entries [32m200 [0m943.830 ms - 1767[0m
[0mGET /favicon.ico [33m404 [0m1.497 ms - 2466[0m
[0mGET /entries [32m200 [0m1413.690 ms - 1767[0m
[0mGET /users [32m200 [0m430.349 ms - 124[0m
[0mGET /products [32m200 [0m330.321 ms - 321[0m
[0mGET /entries [32m200 [0m47.217 ms - 1767[0m
[0mGET /users [32m200 [0m47.939 ms - 124[0m
[0mGET /products [32m200 [0m78.215 ms - 321[0m
[0mGET /entries/5e7111dffaba2c3308f9c32e/01-04-2020 [32m200 [0m1100.975 ms - 396[0m
[0mGET /products [32m200 [0m446.441 ms - 72[0m
[0mGET /users [32m200 [0m505.718 ms - 66[0m
[0mGET /entries [32m200 [0m793.376 ms - 71[0m
[0mGET /entries [32m200 [0m10.257 ms - 71[0m
[0mGET /users [32m200 [0m8.459 ms - 66[0m
[0mGET /products [32m200 [0m7.162 ms - 72[0m
[0mPOST /users [32m201 [0m1356.686 ms - 133[0m
[0mGET /entries [36m304 [0m60.163 ms - -[0m
[0mGET /products [36m304 [0m76.579 ms - -[0m
[0mGET /users [32m200 [0m229.935 ms - 131[0m
[0mGET /entries [32m200 [0m1508.729 ms - 71[0m
[0mGET /products [32m200 [0m702.983 ms - 72[0m
[0mGET /users [32m200 [0m860.014 ms - 131[0m
[0mPOST /products [32m201 [0m664.301 ms - 140[0m
[0mGET /products [32m200 [0m7.007 ms - 138[0m
[0mGET /entries [36m304 [0m6.274 ms - -[0m
[0mGET /users [36m304 [0m42.827 ms - -[0m
[0mPOST /products [32m201 [0m155.192 ms - 138[0m
[0mGET /entries [36m304 [0m5.850 ms - -[0m
[0mGET /users [36m304 [0m5.372 ms - -[0m
[0mGET /products [32m200 [0m6.129 ms - 203[0m
[0mPOST /products [32m201 [0m13.819 ms - 134[0m
[0mGET /entries [36m304 [0m7.041 ms - -[0m
[0mGET /users [36m304 [0m5.772 ms - -[0m
[0mGET /products [32m200 [0m7.812 ms - 264[0m
[0mPOST /products [32m201 [0m11.067 ms - 135[0m
[0mGET /entries [36m304 [0m4.909 ms - -[0m
[0mGET /users [36m304 [0m5.069 ms - -[0m
[0mGET /products [32m200 [0m6.894 ms - 326[0m
[0mPOST /products [32m201 [0m9.734 ms - 135[0m
[0mGET /entries [36m304 [0m5.203 ms - -[0m
[0mGET /users [36m304 [0m5.382 ms - -[0m
[0mGET /products [32m200 [0m6.837 ms - 388[0m
[0mPOST /products [32m201 [0m10.817 ms - 140[0m
[0mGET /entries [36m304 [0m5.673 ms - -[0m
[0mGET /users [36m304 [0m4.941 ms - -[0m
[0mGET /products [32m200 [0m6.196 ms - 455[0m
[0mPOST /products [32m201 [0m11.867 ms - 140[0m
[0mGET /entries [36m304 [0m5.688 ms - -[0m
[0mGET /users [36m304 [0m4.831 ms - -[0m
[0mGET /products [32m200 [0m6.224 ms - 522[0m
[0mPOST /products [32m201 [0m10.583 ms - 138[0m
[0mGET /entries [36m304 [0m5.915 ms - -[0m
[0mGET /users [36m304 [0m5.332 ms - -[0m
[0mGET /products [32m200 [0m7.511 ms - 587[0m
[0mPOST /products [32m201 [0m10.031 ms - 147[0m
[0mGET /entries [36m304 [0m7.426 ms - -[0m
[0mGET /users [36m304 [0m6.769 ms - -[0m
[0mGET /products [32m200 [0m7.340 ms - 661[0m
[0mPOST /products [32m201 [0m13.973 ms - 138[0m
[0mGET /entries [36m304 [0m42.887 ms - -[0m
[0mGET /products [32m200 [0m44.689 ms - 726[0m
[0mGET /users [36m304 [0m22.314 ms - -[0m
[0mPOST /products [32m201 [0m12.580 ms - 144[0m
[0mGET /entries [36m304 [0m7.322 ms - -[0m
[0mGET /users [36m304 [0m5.364 ms - -[0m
[0mGET /products [32m200 [0m7.145 ms - 797[0m
[0mPOST /products [32m201 [0m14.616 ms - 142[0m
[0mGET /entries [36m304 [0m7.149 ms - -[0m
[0mGET /users [36m304 [0m6.359 ms - -[0m
[0mGET /products [32m200 [0m10.181 ms - 866[0m
[0mPOST /products [32m201 [0m14.415 ms - 147[0m
[0mGET /entries [36m304 [0m8.002 ms - -[0m
[0mGET /users [36m304 [0m7.244 ms - -[0m
[0mGET /products [32m200 [0m11.512 ms - 940[0m
[0mPOST /products [32m201 [0m9.296 ms - 139[0m
[0mGET /entries [36m304 [0m6.024 ms - -[0m
[0mGET /users [36m304 [0m5.287 ms - -[0m
[0mGET /products [32m200 [0m7.196 ms - 1006[0m
[0mPOST /products [32m201 [0m67.705 ms - 139[0m
[0mGET /entries [36m304 [0m44.323 ms - -[0m
[0mGET /users [36m304 [0m6.347 ms - -[0m
[0mGET /products [32m200 [0m9.396 ms - 1072[0m
[0mPOST /products [32m201 [0m10.324 ms - 140[0m
[0mGET /entries [36m304 [0m5.837 ms - -[0m
[0mGET /users [36m304 [0m5.264 ms - -[0m
[0mGET /products [32m200 [0m9.733 ms - 1139[0m
[0mPOST /products [32m201 [0m17.098 ms - 142[0m
[0mGET /entries [36m304 [0m30.823 ms - -[0m
[0mGET /users [36m304 [0m5.300 ms - -[0m
[0mGET /products [32m200 [0m7.942 ms - 1208[0m
[0mPOST /products [32m201 [0m12.886 ms - 146[0m
[0mGET /entries [36m304 [0m6.681 ms - -[0m
[0mGET /users [36m304 [0m5.997 ms - -[0m
[0mGET /products [32m200 [0m13.115 ms - 1281[0m
[0mPOST /products [32m201 [0m10.709 ms - 137[0m
[0mGET /entries [36m304 [0m5.247 ms - -[0m
[0mGET /users [36m304 [0m4.866 ms - -[0m
[0mGET /products [32m200 [0m7.732 ms - 1345[0m
[0mPOST /products [32m201 [0m11.213 ms - 134[0m
[0mGET /entries [36m304 [0m4.346 ms - -[0m
[0mGET /users [36m304 [0m4.213 ms - -[0m
[0mGET /products [32m200 [0m7.579 ms - 1406[0m
[0mPOST /products [32m201 [0m30.118 ms - 146[0m
[0mGET /entries [36m304 [0m5.682 ms - -[0m
[0mGET /users [36m304 [0m4.620 ms - -[0m
[0mGET /products [32m200 [0m8.919 ms - 1479[0m
[0mPOST /products [32m201 [0m12.961 ms - 144[0m
[0mGET /entries [36m304 [0m3.261 ms - -[0m
[0mGET /users [36m304 [0m4.784 ms - -[0m
[0mGET /products [32m200 [0m10.561 ms - 1550[0m
[0mPOST /products [32m201 [0m34.516 ms - 134[0m
[0mGET /entries [36m304 [0m4.963 ms - -[0m
[0mGET /users [36m304 [0m4.713 ms - -[0m
[0mGET /products [32m200 [0m8.996 ms - 1611[0m
[0mPOST /products [32m201 [0m38.601 ms - 134[0m
[0mGET /entries [36m304 [0m4.730 ms - -[0m
[0mGET /users [36m304 [0m4.396 ms - -[0m
[0mGET /products [32m200 [0m10.270 ms - 1672[0m
[0mPOST /products [32m201 [0m12.873 ms - 135[0m
[0mGET /entries [36m304 [0m5.411 ms - -[0m
[0mGET /users [36m304 [0m4.617 ms - -[0m
[0mGET /products [32m200 [0m125.795 ms - 1734[0m
[0mPOST /products [32m201 [0m64.170 ms - 137[0m
[0mGET /entries [36m304 [0m5.520 ms - -[0m
[0mGET /products [32m200 [0m8.081 ms - 1798[0m
[0mGET /users [36m304 [0m8.212 ms - -[0m
[0mPOST /products [32m201 [0m14.705 ms - 145[0m
[0mGET /entries [36m304 [0m6.465 ms - -[0m
[0mGET /products [32m200 [0m14.054 ms - 1870[0m
[0mGET /users [36m304 [0m14.722 ms - -[0m
[0mPOST /products [32m201 [0m12.923 ms - 153[0m
[0mGET /entries [36m304 [0m4.823 ms - -[0m
[0mGET /users [36m304 [0m4.764 ms - -[0m
[0mGET /products [32m200 [0m10.001 ms - 1950[0m
[0mPOST /products [32m201 [0m65.777 ms - 138[0m
[0mGET /entries [36m304 [0m7.132 ms - -[0m
[0mGET /users [36m304 [0m5.685 ms - -[0m
[0mGET /products [32m200 [0m14.872 ms - 2015[0m
[0mPOST /products [32m201 [0m9.114 ms - 132[0m
[0mGET /entries [36m304 [0m5.662 ms - -[0m
[0mGET /users [36m304 [0m4.505 ms - -[0m
[0mGET /products [32m200 [0m38.298 ms - 2074[0m
[0mPOST /products [32m201 [0m17.162 ms - 131[0m
[0mGET /entries [36m304 [0m4.869 ms - -[0m
[0mGET /users [36m304 [0m4.460 ms - -[0m
[0mGET /products [32m200 [0m37.193 ms - 2132[0m
[0mPOST /users [32m201 [0m645.009 ms - 130[0m
[0mGET /entries [36m304 [0m3.971 ms - -[0m
[0mGET /users [32m200 [0m4.223 ms - 194[0m
[0mGET /products [36m304 [0m7.968 ms - -[0m
[0mPOST /users [32m201 [0m28.603 ms - 129[0m
[0mGET /entries [36m304 [0m6.312 ms - -[0m
[0mGET /users [32m200 [0m6.160 ms - 256[0m
[0mGET /products [36m304 [0m9.742 ms - -[0m
[0mPOST /products [32m201 [0m53.738 ms - 136[0m
[0mGET /entries [36m304 [0m6.020 ms - -[0m
[0mGET /users [36m304 [0m6.071 ms - -[0m
[0mGET /products [32m200 [0m11.863 ms - 2195[0m
[0mGET /entries [36m304 [0m5.014 ms - -[0m
[0mGET /users [36m304 [0m5.476 ms - -[0m
[0mGET /products [36m304 [0m13.455 ms - -[0m
[0mPOST /entries/ [32m201 [0m664.078 ms - 447[0m
[0mPOST /entries/ [32m201 [0m262.630 ms - 451[0m
[0mPOST /entries/ [32m201 [0m34.536 ms - 449[0m
[0mPOST /entries/ [32m201 [0m31.841 ms - 446[0m
[0mPOST /entries/ [32m201 [0m32.335 ms - 445[0m
[0mGET /entries/5ed0a3345a13dc0c642ce609/29-05-2020 [32m200 [0m660.129 ms - 2746[0m
[0mPOST /entries/ [32m201 [0m26.909 ms - 454[0m
[0mPOST /entries/ [32m201 [0m35.867 ms - 452[0m
[0mPOST /entries/ [32m201 [0m39.319 ms - 451[0m
[0mPOST /entries/ [32m201 [0m42.538 ms - 449[0m
[0mPOST /entries/ [32m201 [0m40.505 ms - 455[0m
[0mPOST /entries/ [32m201 [0m46.636 ms - 445[0m
[0mPOST /products [32m201 [0m15.471 ms - 144[0m
[0mGET /entries [32m200 [0m25.444 ms - 4255[0m
[0mGET /users [36m304 [0m26.214 ms - -[0m
[0mGET /products [32m200 [0m30.642 ms - 2266[0m
[0mGET /entries/5ed0a3345a13dc0c642ce609/29-05-2020 [32m200 [0m32.052 ms - 2838[0m
[0mGET /users [36m304 [0m1436.986 ms - -[0m
[0mGET /products [36m304 [0m1660.077 ms - -[0m
[0mGET /entries [36m304 [0m2083.035 ms - -[0m
[0mPOST /entries/ [32m201 [0m1111.867 ms - 442[0m
[0mPOST /entries/ [32m201 [0m36.482 ms - 448[0m
[0mPOST /entries/ [32m201 [0m37.603 ms - 446[0m
[0mPOST /entries/ [32m201 [0m36.682 ms - 448[0m
[0mPOST /entries/ [31m500 [0m26.337 ms - 70[0m
[0mPOST /entries/ [32m201 [0m41.507 ms - 447[0m
[0mPOST /entries/ [32m201 [0m33.972 ms - 445[0m
[0mPOST /entries/ [32m201 [0m47.788 ms - 441[0m
[0mPOST /entries/ [32m201 [0m33.552 ms - 442[0m
[0mPOST /entries/ [32m201 [0m34.249 ms - 442[0m
[0mPOST /entries/ [32m201 [0m108.992 ms - 444[0m
[0mPOST /entries/ [32m201 [0m33.836 ms - 446[0m
[0mPOST /entries/ [32m201 [0m35.599 ms - 447[0m
[0mPOST /entries/ [32m201 [0m32.505 ms - 449[0m
[0mPOST /entries/ [32m201 [0m35.371 ms - 453[0m
[0mPOST /entries/ [32m201 [0m47.031 ms - 451[0m
[0mPOST /entries/ [32m201 [0m139.210 ms - 98[0m
[0mPOST /entries/ [32m201 [0m39.157 ms - 445[0m
[0mPOST /entries/ [31m500 [0m27.455 ms - 70[0m
[0mPOST /entries/ [32m201 [0m40.404 ms - 98[0m
[0mPOST /entries/ [32m201 [0m552.909 ms - 452[0m
[0mPOST /entries/ [32m201 [0m51.108 ms - 450[0m
[0mPOST /entries/ [32m201 [0m39.942 ms - 446[0m
[0mPOST /entries/ [32m201 [0m461.894 ms - 823[0m
[0mPOST /entries/ [32m201 [0m55.347 ms - 453[0m
[0mPOST /entries/ [32m201 [0m53.369 ms - 450[0m
[0mPOST /entries/ [32m201 [0m45.311 ms - 453[0m
[0mPOST /entries/ [32m201 [0m38.577 ms - 450[0m
[0mPOST /entries/ [32m201 [0m41.777 ms - 447[0m
[0mPOST /entries/ [32m201 [0m43.797 ms - 451[0m
[0mPOST /entries/ [32m201 [0m32.788 ms - 445[0m
[0mPOST /entries/ [32m201 [0m38.932 ms - 447[0m
[0mPOST /entries/ [32m201 [0m52.619 ms - 453[0m
[0mPOST /entries/ [32m201 [0m53.628 ms - 451[0m
[0mPOST /entries/ [32m201 [0m35.339 ms - 442[0m
[0mPOST /entries/ [32m201 [0m53.516 ms - 448[0m
[0mPOST /entries/ [32m201 [0m43.155 ms - 98[0m
[0mPOST /entries/ [32m201 [0m45.154 ms - 445[0m
[0mPOST /entries/ [32m201 [0m35.842 ms - 98[0m
[0mPOST /entries/ [32m201 [0m29.988 ms - 98[0m
[0mPOST /entries/ [32m201 [0m34.611 ms - 98[0m
[0mPOST /entries/ [32m201 [0m51.282 ms - 453[0m
[0mPOST /entries/ [32m201 [0m129.743 ms - 453[0m
[0mPOST /entries/ [32m201 [0m96.202 ms - 453[0m
[0mPOST /entries/ [32m201 [0m54.923 ms - 453[0m
[0mPOST /entries/ [32m201 [0m44.153 ms - 453[0m
[0mPOST /entries/ [32m201 [0m34.084 ms - 443[0m
[0mPOST /entries/ [32m201 [0m47.875 ms - 454[0m
[0mPOST /entries/ [32m201 [0m40.021 ms - 451[0m
[0mPOST /entries/ [32m201 [0m41.360 ms - 451[0m
[0mPOST /entries/ [32m201 [0m28.796 ms - 455[0m
[0mPOST /entries/ [32m201 [0m31.934 ms - 452[0m
[0mPOST /entries/ [32m201 [0m45.893 ms - 452[0m
[0mPOST /entries/ [32m201 [0m45.575 ms - 454[0m
[0mPOST /entries/ [32m201 [0m30.912 ms - 443[0m
[0mPOST /entries/ [32m201 [0m42.030 ms - 452[0m
[0mPOST /entries/ [32m201 [0m31.239 ms - 443[0m
[0mPOST /entries/ [32m201 [0m39.519 ms - 445[0m
[0mPOST /entries/ [32m201 [0m33.964 ms - 442[0m
[0mPOST /entries/ [32m201 [0m38.102 ms - 447[0m
[0mPOST /entries/ [32m201 [0m36.936 ms - 445[0m
[0mPOST /entries/ [32m201 [0m32.607 ms - 454[0m
[0mPOST /entries/ [32m201 [0m39.163 ms - 452[0m
[0mPOST /entries/ [32m201 [0m33.538 ms - 443[0m
[0mPOST /entries/ [32m201 [0m59.949 ms - 454[0m
[0mPOST /entries/ [32m201 [0m35.395 ms - 455[0m
[0mPOST /entries/ [32m201 [0m41.832 ms - 454[0m
[0mPOST /entries/ [32m201 [0m33.306 ms - 443[0m
[0mPOST /entries/ [32m201 [0m27.913 ms - 440[0m
[0mPOST /entries/ [32m201 [0m34.428 ms - 443[0m
[0mPOST /entries/ [32m201 [0m29.951 ms - 443[0m
[0mPOST /entries/ [32m201 [0m39.578 ms - 454[0m
[0mPOST /entries/ [32m201 [0m44.480 ms - 452[0m
[0mPOST /entries/ [32m201 [0m39.159 ms - 98[0m
[0mPOST /entries/ [32m201 [0m56.147 ms - 454[0m
[0mPOST /entries/ [32m201 [0m38.050 ms - 442[0m
[0mPOST /entries/ [32m201 [0m41.962 ms - 454[0m
[0mPOST /entries/ [32m201 [0m46.061 ms - 452[0m
[0mPOST /entries/ [32m201 [0m36.644 ms - 443[0m
[0mPOST /entries/ [32m201 [0m32.811 ms - 446[0m
[0mPOST /entries/ [32m201 [0m29.774 ms - 98[0m
[0mGET /users [36m304 [0m3856.217 ms - -[0m
[0mGET /products [36m304 [0m3991.271 ms - -[0m
[0mGET /entries [32m200 [0m5217.569 ms - 30657[0m
[0mPOST /entries/ [32m201 [0m2196.765 ms - 454[0m
[0mPOST /entries/ [32m201 [0m132.132 ms - 454[0m
[0mPOST /entries/ [32m201 [0m76.766 ms - 443[0m
[0mPOST /entries/ [32m201 [0m41.032 ms - 452[0m
[0mPOST /entries/ [32m201 [0m33.762 ms - 443[0m
[0mPOST /entries/ [32m201 [0m32.085 ms - 442[0m
[0mPOST /products [32m201 [0m19.868 ms - 131[0m
[0mGET /entries [32m200 [0m52.133 ms - 32541[0m
[0mGET /users [36m304 [0m51.703 ms - -[0m
[0mGET /products [32m200 [0m55.191 ms - 2324[0m
[0mGET /entries [36m304 [0m67.212 ms - -[0m
[0mGET /users [36m304 [0m69.834 ms - -[0m
[0mGET /products [36m304 [0m82.015 ms - -[0m
[0mPOST /entries/ [32m201 [0m45.404 ms - 442[0m
[0mPOST /entries/ [32m201 [0m33.186 ms - 453[0m
[0mPOST /entries/ [32m201 [0m36.091 ms - 448[0m
[0mPOST /entries/ [32m201 [0m46.514 ms - 445[0m
[0mPOST /entries/ [32m201 [0m37.014 ms - 448[0m
[0mPOST /entries/ [32m201 [0m32.648 ms - 445[0m
[0mPOST /entries/ [32m201 [0m45.795 ms - 442[0m
[0mPOST /entries/ [32m201 [0m31.501 ms - 451[0m
[0mPOST /entries/ [32m201 [0m36.117 ms - 441[0m
[0mPOST /entries/ [32m201 [0m49.640 ms - 450[0m
[0mPOST /entries/ [32m201 [0m30.563 ms - 446[0m
[0mPOST /entries/ [32m201 [0m38.715 ms - 443[0m
[0mGET /users [36m304 [0m1475.999 ms - -[0m
[0mGET /products [36m304 [0m1496.091 ms - -[0m
[0mGET /entries [32m200 [0m2828.441 ms - 37059[0m
[0mPOST /entries/ [32m201 [0m1782.663 ms - 448[0m
[0mPOST /entries/ [32m201 [0m87.552 ms - 98[0m
[0mPOST /entries/ [32m201 [0m46.000 ms - 453[0m
[0mPOST /entries/ [32m201 [0m63.016 ms - 448[0m
[0mPOST /entries/ [32m201 [0m64.710 ms - 443[0m
[0mPOST /entries/ [32m201 [0m76.506 ms - 441[0m
[0mPOST /entries/ [32m201 [0m49.571 ms - 98[0m
[0mPOST /entries/ [32m201 [0m98.649 ms - 448[0m
[0mPOST /entries/ [32m201 [0m149.604 ms - 446[0m
[0mPOST /entries/ [32m201 [0m59.013 ms - 443[0m
[0mPOST /users [32m201 [0m56.041 ms - 136[0m
[0mGET /users [32m200 [0m5.187 ms - 325[0m
[0mGET /products [36m304 [0m15.811 ms - -[0m
[0mGET /entries [32m200 [0m264.293 ms - 40077[0m
[0mGET /entries/5ee4af8244cbd500a810cf35/08-06-2020 [32m200 [0m312.943 ms - 2909[0m
[0mPOST /entries/ [32m201 [0m34.775 ms - 456[0m
[0mPOST /entries/ [32m201 [0m56.853 ms - 449[0m
[0mPOST /entries/ [32m201 [0m35.160 ms - 452[0m
[0mPOST /entries/ [32m201 [0m35.371 ms - 453[0m
[0mPOST /entries/ [32m201 [0m92.825 ms - 452[0m
[0mPOST /entries/ [32m201 [0m70.719 ms - 461[0m
[0mPOST /entries/ [32m201 [0m61.609 ms - 448[0m
[0mPOST /entries/ [32m201 [0m35.313 ms - 449[0m
[0mPOST /entries/ [32m201 [0m39.116 ms - 449[0m
[0mPOST /entries/ [32m201 [0m32.971 ms - 460[0m
[0mPOST /entries/ [32m201 [0m57.668 ms - 458[0m
[0mPOST /entries/ [32m201 [0m32.304 ms - 98[0m
[0mGET /entries/5ee4af8244cbd500a810cf35/08-06-2020 [32m200 [0m57.659 ms - 2909[0m
[0mGET /entries/5ee4af8244cbd500a810cf35/08-06-2020 [36m304 [0m43.788 ms - -[0m
[0mGET /entries/5ee4af8244cbd500a810cf35/08-06-2020 [36m304 [0m64.065 ms - -[0m
[0mGET /entries/5ee4af8244cbd500a810cf35/08-06-2020 [36m304 [0m13.618 ms - -[0m
[0mGET /entries/5ee4af8244cbd500a810cf35/08-06-2020 [36m304 [0m41.877 ms - -[0m
[0mGET /entries/5ee4af8244cbd500a810cf35/08-06-2020 [36m304 [0m24.370 ms - -[0m
[0mGET /entries/5ee4af8244cbd500a810cf35/08-06-2020 [36m304 [0m38.140 ms - -[0m
[0mGET /entries/5ee4af8244cbd500a810cf35/08-06-2020 [36m304 [0m12.834 ms - -[0m
[0mGET /entries/5ee4af8244cbd500a810cf35/08-06-2020 [36m304 [0m11.221 ms - -[0m
[0mGET /entries/5ee4af8244cbd500a810cf35/08-06-2020 [36m304 [0m12.146 ms - -[0m
[0mGET /entries/5ee4af8244cbd500a810cf35/08-06-2020 [36m304 [0m11.122 ms - -[0m
[0mGET /entries/5ee4af8244cbd500a810cf35/08-06-2020 [36m304 [0m11.746 ms - -[0m
[0mPOST /entries/ [32m201 [0m43.185 ms - 448[0m
[0mPOST /entries/ [32m201 [0m41.164 ms - 456[0m
[0mPOST /entries/ [32m201 [0m51.591 ms - 454[0m
[0mPOST /products [32m201 [0m29.517 ms - 136[0m
[0mGET /products [32m200 [0m65.656 ms - 2387[0m
[0mGET /users [36m304 [0m67.593 ms - -[0m
[0mGET /entries [32m200 [0m156.795 ms - 45456[0m
[0mPOST /entries/ [32m201 [0m142.354 ms - 450[0m
[0mGET /entries/5ee4af8244cbd500a810cf35/08-06-2020 [32m200 [0m16.286 ms - 2989[0m
[0mGET /users [36m304 [0m8.844 ms - -[0m
[0mGET /products [36m304 [0m14.836 ms - -[0m
[0mGET /entries [32m200 [0m71.705 ms - 45837[0m
[0mPOST /entries/ [32m201 [0m48.133 ms - 454[0m
[0mPOST /entries/ [32m201 [0m33.862 ms - 98[0m
[0mPOST /entries/ [32m201 [0m32.677 ms - 98[0m
[0mPOST /entries/ [32m201 [0m30.857 ms - 98[0m
[0mPOST /entries/ [32m201 [0m34.591 ms - 98[0m
[0mPOST /products [32m201 [0m42.390 ms - 143[0m
[0mGET /users [36m304 [0m9.848 ms - -[0m
[0mGET /products [32m200 [0m17.964 ms - 2457[0m
[0mGET /entries [32m200 [0m71.760 ms - 46222[0m
[0mPOST /products [32m201 [0m10.759 ms - 137[0m
[0mGET /users [36m304 [0m4.421 ms - -[0m
[0mGET /products [32m200 [0m17.025 ms - 2521[0m
[0mGET /entries [36m304 [0m570.653 ms - -[0m
[0mPOST /entries/ [32m201 [0m64.094 ms - 457[0m
[0mPOST /entries/ [32m201 [0m42.804 ms - 451[0m
[0mPOST /entries/ [32m201 [0m35.639 ms - 454[0m
[0mPOST /entries/ [31m500 [0m56.283 ms - 70[0m
[0mGET /entries/5ee4af8244cbd500a810cf35/13-06-2020 [32m200 [0m15.849 ms - 3157[0m
[0mGET /users [36m304 [0m10.628 ms - -[0m
[0mGET /products [36m304 [0m14.616 ms - -[0m
[0mGET /entries [32m200 [0m379.454 ms - 47377[0m
[0mGET /entries/5ee4af8244cbd500a810cf35/13-06-2020 [36m304 [0m75.060 ms - -[0m
[0mGET /users [36m304 [0m9.652 ms - -[0m
[0mGET /products [36m304 [0m14.568 ms - -[0m
[0mGET /entries [36m304 [0m96.239 ms - -[0m
[0mPOST /entries/ [32m201 [0m45.628 ms - 460[0m
[0mPOST /entries/ [32m201 [0m29.693 ms - 454[0m
[0mPOST /entries/ [32m201 [0m44.337 ms - 454[0m
[0mPOST /entries/ [32m201 [0m34.232 ms - 451[0m
[0mPOST /entries/ [32m201 [0m61.036 ms - 98[0m
[0mPOST /entries/ [32m201 [0m36.949 ms - 449[0m
[0mGET /entries/5ee4af8244cbd500a810cf35/09-06-2020 [32m200 [0m21.938 ms - 3157[0m
[0mGET /products [36m304 [0m646.819 ms - -[0m
[0mGET /users [36m304 [0m708.913 ms - -[0m
[0mGET /entries [32m200 [0m2452.566 ms - 49300[0m
[0mGET /entries/5ee4af8244cbd500a810cf35/09-06-2020 [36m304 [0m318.832 ms - -[0m
[0mPOST /entries/ [32m201 [0m500.951 ms - 449[0m
[0mPOST /entries/ [32m201 [0m113.206 ms - 453[0m
[0mPOST /entries/ [32m201 [0m737.114 ms - 459[0m
[0mPOST /entries/ [32m201 [0m80.259 ms - 448[0m
[0mPOST /entries/ [32m201 [0m41.155 ms - 454[0m
[0mPOST /entries/ [32m201 [0m60.926 ms - 448[0m
[0mPOST /entries/ [32m201 [0m36.626 ms - 449[0m
[0mPOST /products [32m201 [0m21.407 ms - 131[0m
[0mGET /products [32m200 [0m14.635 ms - 2579[0m
[0mGET /users [36m304 [0m15.001 ms - -[0m
[0mGET /entries [32m200 [0m140.808 ms - 51972[0m
[0mPOST /entries/ [32m201 [0m63.049 ms - 445[0m
[0mPOST /entries/ [32m201 [0m40.406 ms - 448[0m
[0mPOST /entries/ [32m201 [0m48.939 ms - 98[0m
[0mPOST /entries/ [32m201 [0m40.652 ms - 452[0m
[0mPOST /entries/ [32m201 [0m44.239 ms - 449[0m
[0mPOST /entries/ [32m201 [0m31.136 ms - 452[0m
[0mPOST /entries/ [32m201 [0m40.279 ms - 451[0m
[0mPOST /entries/ [32m201 [0m42.157 ms - 449[0m
[0mPOST /entries/ [32m201 [0m96.181 ms - 454[0m
[0mPOST /entries/ [32m201 [0m81.404 ms - 452[0m
[0mPOST /entries/ [32m201 [0m61.859 ms - 455[0m
[0mPOST /entries/ [32m201 [0m36.148 ms - 452[0m
[0mPOST /entries/ [32m201 [0m38.182 ms - 449[0m
[0mPOST /entries/ [32m201 [0m41.063 ms - 451[0m
[0mPOST /entries/ [32m201 [0m43.794 ms - 98[0m
[0mPOST /entries/ [32m201 [0m75.232 ms - 98[0m
[0mPOST /entries/ [32m201 [0m71.443 ms - 450[0m
[0mPOST /entries/ [32m201 [0m32.778 ms - 448[0m
[0mPOST /entries/ [32m201 [0m36.333 ms - 449[0m
[0mGET /entries/5ee4af8244cbd500a810cf35/16-06-2020 [32m200 [0m52.455 ms - 3236[0m
[0mGET /users [36m304 [0m8.878 ms - -[0m
[0mGET /products [36m304 [0m37.518 ms - -[0m
[0mGET /entries [32m200 [0m282.865 ms - 58075[0m
[0mPOST /entries/ [32m201 [0m27.457 ms - 445[0m
[0mPOST /entries/ [32m201 [0m35.257 ms - 443[0m
[0mPOST /entries/ [32m201 [0m39.969 ms - 454[0m
[0mPOST /entries/ [32m201 [0m43.279 ms - 442[0m
[0mPOST /entries/ [32m201 [0m34.038 ms - 444[0m
[0mPOST /entries/ [32m201 [0m33.822 ms - 98[0m
[0mPOST /entries/ [32m201 [0m31.602 ms - 98[0m
[0mPOST /entries/ [32m201 [0m63.206 ms - 98[0m
[0mPOST /entries/ [32m201 [0m30.969 ms - 447[0m
[0mGET /users [36m304 [0m1796.299 ms - -[0m
[0mGET /products [36m304 [0m1997.439 ms - -[0m
[0mGET /entries [32m200 [0m4528.686 ms - 60331[0m
[0mPOST /entries/ [32m201 [0m3424.618 ms - 442[0m
[0mPOST /entries/ [32m201 [0m147.666 ms - 98[0m
[0mPOST /entries/ [32m201 [0m62.916 ms - 446[0m
[0mPOST /entries/ [32m201 [0m78.007 ms - 448[0m
[0mPOST /entries/ [32m201 [0m70.106 ms - 443[0m
[0mPOST /entries/ [32m201 [0m66.705 ms - 448[0m
[0mPOST /entries/ [32m201 [0m58.460 ms - 446[0m
[0mPOST /entries/ [32m201 [0m42.113 ms - 441[0m
[0mPOST /entries/ [32m201 [0m44.438 ms - 442[0m
[0mPOST /entries/ [32m201 [0m40.973 ms - 441[0m
[0mPOST /entries/ [32m201 [0m148.685 ms - 453[0m
[0mPOST /entries/ [32m201 [0m43.822 ms - 443[0m
[0mPOST /entries/ [32m201 [0m80.360 ms - 448[0m
[0mPOST /entries/ [32m201 [0m47.568 ms - 446[0m
[0mPOST /entries/ [32m201 [0m48.586 ms - 446[0m
[0mPOST /entries/ [32m201 [0m38.368 ms - 448[0m
[0mPOST /entries/ [32m201 [0m41.517 ms - 98[0m
[0mPOST /entries/ [32m201 [0m66.225 ms - 98[0m
[0mPOST /entries/ [32m201 [0m41.578 ms - 444[0m
[0mPOST /entries/ [32m201 [0m36.004 ms - 442[0m
[0mPOST /entries/ [32m201 [0m49.947 ms - 449[0m
[0mPOST /entries/ [32m201 [0m56.918 ms - 454[0m
[0mPOST /entries/ [32m201 [0m78.815 ms - 447[0m
[0mPOST /entries/ [32m201 [0m40.665 ms - 448[0m
[0mPOST /entries/ [32m201 [0m41.736 ms - 449[0m
[0mPOST /entries/ [32m201 [0m35.090 ms - 443[0m
[0mPOST /entries/ [32m201 [0m35.584 ms - 443[0m
[0mPOST /entries/ [32m201 [0m39.194 ms - 442[0m
[0mPOST /entries/ [32m201 [0m65.689 ms - 446[0m
[0mPOST /entries/ [32m201 [0m74.135 ms - 449[0m
[0mPOST /entries/ [32m201 [0m34.942 ms - 442[0m
[0mPOST /entries/ [32m201 [0m37.399 ms - 447[0m
[0mPOST /entries/ [32m201 [0m35.932 ms - 444[0m
[0mPOST /entries/ [32m201 [0m72.594 ms - 449[0m
[0mPOST /entries/ [32m201 [0m82.340 ms - 448[0m
[0mPOST /entries/ [32m201 [0m35.925 ms - 448[0m
[0mPOST /entries/ [32m201 [0m37.826 ms - 459[0m
[0mPOST /entries/ [32m201 [0m42.876 ms - 98[0m
[0mPOST /entries/ [32m201 [0m86.983 ms - 98[0m
[0mPOST /entries/ [32m201 [0m52.842 ms - 98[0m
[0mPOST /entries/ [32m201 [0m39.374 ms - 450[0m
[0mPOST /entries/ [32m201 [0m33.542 ms - 451[0m
[0mPOST /entries/ [32m201 [0m39.335 ms - 455[0m
[0mPOST /entries/ [32m201 [0m41.147 ms - 98[0m
[0mPOST /entries/ [32m201 [0m57.745 ms - 450[0m
[0mPOST /entries/ [32m201 [0m37.009 ms - 449[0m
[0mPOST /entries/ [32m201 [0m40.539 ms - 449[0m
[0mPOST /entries/ [32m201 [0m33.948 ms - 449[0m
[0mPOST /entries/ [32m201 [0m52.579 ms - 450[0m
[0mPOST /entries/ [32m201 [0m34.813 ms - 455[0m
[0mPOST /entries/ [32m201 [0m38.095 ms - 449[0m
[0mPOST /entries/ [32m201 [0m35.086 ms - 98[0m
[0mPOST /entries/ [32m201 [0m40.611 ms - 454[0m
[0mPOST /entries/ [32m201 [0m52.938 ms - 453[0m
[0mPOST /entries/ [32m201 [0m34.451 ms - 452[0m
[0mPOST /entries/ [32m201 [0m44.112 ms - 455[0m
[0mPOST /entries/ [32m201 [0m48.021 ms - 452[0m
[0mPOST /entries/ [32m201 [0m52.468 ms - 450[0m
[0mPOST /entries/ [32m201 [0m28.493 ms - 451[0m
[0mPOST /entries/ [32m201 [0m33.705 ms - 445[0m
[0mPOST /products [32m201 [0m328.867 ms - 133[0m
[0mGET /users [36m304 [0m10.714 ms - -[0m
[0mGET /products [32m200 [0m19.316 ms - 2639[0m
[0mGET /entries [32m200 [0m177.733 ms - 80039[0m
[0mGET /users [36m304 [0m4.289 ms - -[0m
[0mGET /products [36m304 [0m67.837 ms - -[0m
[0mGET /entries [36m304 [0m205.420 ms - -[0m
[0mPOST /entries/ [32m201 [0m76.869 ms - 447[0m
[0mGET /products [36m304 [0m8693.895 ms - -[0m
[0mGET /users [36m304 [0m6899.826 ms - -[0m
[0mGET /entries [32m200 [0m7938.965 ms - 80417[0m
[0mPOST /entries/ [32m201 [0m3749.533 ms - 98[0m
[0mPOST /entries/ [32m201 [0m55.012 ms - 98[0m
[0mPOST /entries/ [32m201 [0m57.431 ms - 98[0m
[0mPOST /entries/ [32m201 [0m221.568 ms - 452[0m
[0mPOST /entries/ [32m201 [0m98.947 ms - 455[0m
[0mPOST /entries/ [32m201 [0m39.486 ms - 450[0m
[0mPOST /entries/ [32m201 [0m50.888 ms - 452[0m
[0mPOST /entries/ [32m201 [0m37.206 ms - 98[0m
[0mPOST /products [32m201 [0m224.662 ms - 134[0m
[0mGET /products [32m200 [0m369.952 ms - 2700[0m
[0mGET /users [36m304 [0m379.494 ms - -[0m
[0mGET /entries [32m200 [0m505.982 ms - 81950[0m
[0mPOST /entries/ [32m201 [0m41.311 ms - 448[0m
[0mGET /entries/5ee4af8244cbd500a810cf35/22-06-2020 [32m200 [0m502.622 ms - 3397[0m
[0mGET /users [36m304 [0m5.514 ms - -[0m
[0mGET /products [36m304 [0m19.002 ms - -[0m
[0mGET /entries [32m200 [0m206.483 ms - 82329[0m
[0mPOST /entries/ [32m201 [0m52.697 ms - 449[0m
[0mPOST /entries/ [32m201 [0m56.201 ms - 450[0m
[0mPOST /entries/ [32m201 [0m40.237 ms - 450[0m
[0mPOST /entries/ [32m201 [0m42.171 ms - 454[0m
[0mPOST /entries/ [32m201 [0m40.378 ms - 453[0m
[0mPOST /entries/ [32m201 [0m47.848 ms - 455[0m
[0mPOST /entries/ [32m201 [0m54.507 ms - 449[0m
[0mPOST /entries/ [32m201 [0m61.008 ms - 455[0m
[0mPOST /entries/ [32m201 [0m40.764 ms - 98[0m
[0mPOST /entries/ [32m201 [0m37.300 ms - 453[0m
[0mPOST /entries/ [32m201 [0m48.103 ms - 450[0m
[0mPOST /entries/ [32m201 [0m51.134 ms - 451[0m
[0mPOST /entries/ [32m201 [0m38.577 ms - 449[0m
[0mPOST /entries/ [32m201 [0m55.425 ms - 452[0m
[0mPOST /entries/ [32m201 [0m34.579 ms - 449[0m
[0mPOST /entries/ [32m201 [0m49.623 ms - 450[0m
[0mPOST /entries/ [32m201 [0m39.197 ms - 448[0m
[0mPOST /entries/ [32m201 [0m38.965 ms - 450[0m
[0mPOST /entries/ [32m201 [0m43.719 ms - 449[0m
[0mPOST /entries/ [32m201 [0m36.731 ms - 444[0m
[0mPOST /entries/ [32m201 [0m40.798 ms - 443[0m
[0mPOST /entries/ [32m201 [0m50.814 ms - 448[0m
[0mPOST /entries/ [32m201 [0m94.593 ms - 446[0m
[0mPOST /entries/ [32m201 [0m37.882 ms - 441[0m
[0mPOST /entries/ [32m201 [0m205.725 ms - 442[0m
[0mPOST /entries/ [32m201 [0m45.076 ms - 448[0m
[0mPOST /entries/ [32m201 [0m48.069 ms - 445[0m
[0mPOST /entries/ [32m201 [0m36.792 ms - 447[0m
[0mPOST /entries/ [32m201 [0m39.693 ms - 443[0m
[0mPOST /entries/ [32m201 [0m33.622 ms - 98[0m
[0mPOST /entries/ [32m201 [0m44.795 ms - 444[0m
[0mPOST /entries/ [32m201 [0m42.150 ms - 442[0m
[0mGET /entries/5ed0cfdd5a13dc0c642ce668/27-06-2020 [32m200 [0m27.401 ms - 3393[0m
[0mGET /users [36m304 [0m3.881 ms - -[0m
[0mGET /products [36m304 [0m10.790 ms - -[0m
[0mGET /entries [32m200 [0m181.497 ms - 93708[0m
[0mPOST /entries/ [32m201 [0m35.231 ms - 98[0m
[0mPOST /entries/ [32m201 [0m39.985 ms - 448[0m
[0mPOST /entries/ [32m201 [0m34.922 ms - 446[0m
[0mPOST /entries/ [32m201 [0m34.160 ms - 447[0m
[0mPOST /entries/ [32m201 [0m30.793 ms - 98[0m
[0mPOST /entries/ [32m201 [0m32.272 ms - 448[0m
[0mPOST /entries/ [32m201 [0m43.403 ms - 446[0m
[0mPOST /entries/ [32m201 [0m112.489 ms - 444[0m
[0mPOST /entries/ [32m201 [0m57.625 ms - 449[0m
[0mPOST /entries/ [32m201 [0m38.314 ms - 447[0m
[0mPOST /products [32m201 [0m48.081 ms - 142[0m
[0mGET /products [32m200 [0m19.499 ms - 2769[0m
[0mGET /users [36m304 [0m21.416 ms - -[0m
[0mGET /entries [32m200 [0m297.703 ms - 96731[0m
[0mPOST /entries/ [32m201 [0m33.800 ms - 450[0m
[0mPOST /entries/ [32m201 [0m38.060 ms - 453[0m
[0mPOST /entries/ [32m201 [0m35.604 ms - 449[0m
[0mPOST /entries/ [32m201 [0m34.667 ms - 447[0m
[0mPOST /entries/ [32m201 [0m35.448 ms - 447[0m
[0mPOST /entries/ [32m201 [0m34.288 ms - 442[0m
[0mPOST /entries/ [32m201 [0m34.243 ms - 449[0m
[0mPOST /entries/ [32m201 [0m41.218 ms - 447[0m
[0mPOST /entries/ [32m201 [0m32.730 ms - 447[0m
[0mPOST /entries/ [32m201 [0m34.984 ms - 442[0m
[0mPOST /entries/ [32m201 [0m50.334 ms - 443[0m
[0mPOST /entries/ [32m201 [0m40.033 ms - 446[0m
[0mPOST /entries/ [32m201 [0m38.322 ms - 452[0m
[0mPOST /entries/ [32m201 [0m51.314 ms - 445[0m
[0mPOST /entries/ [32m201 [0m31.992 ms - 448[0m
[0mPOST /entries/ [32m201 [0m33.414 ms - 445[0m
[0mPOST /entries/ [32m201 [0m39.508 ms - 450[0m
[0mPOST /entries/ [32m201 [0m33.455 ms - 451[0m
[0mPOST /entries/ [32m201 [0m34.328 ms - 451[0m
[0mPOST /entries/ [32m201 [0m43.501 ms - 446[0m
[0mPOST /entries/ [32m201 [0m39.583 ms - 445[0m
[0mPOST /entries/ [32m201 [0m36.964 ms - 452[0m
[0mPOST /entries/ [32m201 [0m34.816 ms - 450[0m
[0mPOST /entries/ [32m201 [0m50.252 ms - 450[0m
[0mPOST /entries/ [32m201 [0m31.012 ms - 452[0m
[0mPOST /entries/ [32m201 [0m46.814 ms - 445[0m
[0mPOST /entries/ [32m201 [0m47.201 ms - 451[0m
[0mPOST /entries/ [32m201 [0m32.186 ms - 446[0m
[0mPOST /entries/ [32m201 [0m32.061 ms - 445[0m
[0mPOST /entries/ [32m201 [0m32.193 ms - 458[0m
[0mPOST /entries/ [32m201 [0m37.909 ms - 452[0m
[0mPOST /entries/ [32m201 [0m44.599 ms - 450[0m
[0mPOST /entries/ [32m201 [0m58.588 ms - 464[0m
[0mPOST /entries/ [32m201 [0m42.373 ms - 450[0m
[0mPOST /entries/ [32m201 [0m40.892 ms - 453[0m
[0mPOST /entries/ [32m201 [0m33.639 ms - 449[0m
[0mPOST /entries/ [32m201 [0m33.952 ms - 449[0m
[0mPOST /entries/ [32m201 [0m50.880 ms - 452[0m
[0mPOST /entries/ [32m201 [0m35.310 ms - 450[0m
[0mPOST /entries/ [32m201 [0m35.592 ms - 446[0m
[0mPOST /entries/ [32m201 [0m32.492 ms - 456[0m
[0mPOST /entries/ [32m201 [0m51.300 ms - 451[0m
[0mPOST /entries/ [32m201 [0m31.361 ms - 457[0m
[0mPOST /entries/ [32m201 [0m40.359 ms - 446[0m
[0mPOST /entries/ [32m201 [0m31.121 ms - 446[0m
[0mPOST /entries/ [32m201 [0m38.260 ms - 445[0m
[0mPOST /entries/ [32m201 [0m27.342 ms - 446[0m
[0mPOST /entries/ [32m201 [0m35.541 ms - 450[0m
[0mPOST /entries/ [32m201 [0m36.054 ms - 451[0m
[0mPOST /entries/ [32m201 [0m39.506 ms - 446[0m
[0mPOST /entries/ [32m201 [0m47.272 ms - 450[0m
[0mPOST /entries/ [32m201 [0m37.864 ms - 446[0m
[0mPOST /entries/ [32m201 [0m71.966 ms - 458[0m
[0mPOST /entries/ [32m201 [0m69.017 ms - 458[0m
[0mPOST /entries/ [32m201 [0m68.734 ms - 458[0m
[0mGET /entries/5ed0a3345a13dc0c642ce609/26-05-2020 [32m200 [0m12.387 ms - 3479[0m
[0mGET /users [36m304 [0m4.545 ms - -[0m
[0mGET /products [36m304 [0m9.584 ms - -[0m
[0mGET /entries [32m200 [0m144.647 ms - 117659[0m
[0mPOST /entries/ [32m201 [0m48.885 ms - 449[0m
[0mPOST /entries/ [32m201 [0m34.033 ms - 453[0m
[0mPOST /entries/ [31m500 [0m25.978 ms - 70[0m
[0mPOST /entries/ [31m500 [0m25.261 ms - 70[0m
[0mPOST /entries/ [31m500 [0m31.215 ms - 70[0m
[0mPOST /entries/ [32m201 [0m60.260 ms - 453[0m
[0mPOST /entries/ [32m201 [0m36.211 ms - 446[0m
[0mPOST /entries/ [32m201 [0m46.589 ms - 448[0m
[0mPOST /entries/ [32m201 [0m36.880 ms - 452[0m
[0mPOST /entries/ [32m201 [0m50.269 ms - 446[0m
[0mPOST /entries/ [32m201 [0m38.088 ms - 456[0m
[0mPOST /entries/ [32m201 [0m39.901 ms - 447[0m
[0mPOST /entries/ [32m201 [0m36.605 ms - 446[0m
[0mPOST /entries/ [32m201 [0m30.430 ms - 451[0m
[0mPOST /entries/ [32m201 [0m38.655 ms - 446[0m
[0mPOST /entries/ [32m201 [0m37.022 ms - 450[0m
[0mPOST /entries/ [32m201 [0m44.139 ms - 452[0m
[0mPOST /entries/ [32m201 [0m34.803 ms - 447[0m
[0mPOST /entries/ [32m201 [0m36.114 ms - 447[0m
[0mPOST /entries/ [32m201 [0m40.668 ms - 445[0m
[0mPOST /entries/ [32m201 [0m33.067 ms - 448[0m
[0mPOST /entries/ [32m201 [0m31.220 ms - 450[0m
[0mPOST /entries/ [32m201 [0m32.433 ms - 451[0m
[0mPOST /entries/ [32m201 [0m31.027 ms - 449[0m
[0mPOST /entries/ [32m201 [0m44.377 ms - 452[0m
[0mPOST /entries/ [32m201 [0m48.588 ms - 450[0m
[0mPOST /entries/ [32m201 [0m29.135 ms - 98[0m
[0mPOST /entries/ [32m201 [0m53.258 ms - 447[0m
[0mPOST /entries/ [32m201 [0m36.886 ms - 445[0m
[0mPOST /entries/ [32m201 [0m38.246 ms - 446[0m
[0mPOST /entries/ [32m201 [0m35.529 ms - 458[0m
[0mPOST /entries/ [32m201 [0m32.332 ms - 453[0m
[0mPOST /entries/ [32m201 [0m35.639 ms - 452[0m
[0mPOST /entries/ [32m201 [0m43.250 ms - 450[0m
[0mPOST /entries/ [32m201 [0m34.633 ms - 450[0m
[0mPOST /entries/ [32m201 [0m34.383 ms - 447[0m
[0mPOST /entries/ [32m201 [0m30.297 ms - 453[0m
[0mPOST /entries/ [32m201 [0m37.625 ms - 452[0m
[0mPOST /entries/ [32m201 [0m49.980 ms - 450[0m
[0mPOST /entries/ [32m201 [0m36.192 ms - 447[0m
[0mPOST /products [32m201 [0m11.120 ms - 141[0m
[0mGET /users [36m304 [0m16.261 ms - -[0m
[0mGET /products [32m200 [0m22.341 ms - 2837[0m
[0mGET /entries [32m200 [0m152.924 ms - 131359[0m
[0mPOST /entries/ [32m201 [0m31.130 ms - 452[0m
[0mPOST /entries/ [32m201 [0m35.100 ms - 98[0m
[0mPOST /entries/ [32m201 [0m51.220 ms - 451[0m
[0mPOST /entries/ [32m201 [0m35.807 ms - 456[0m
[0mPOST /entries/ [32m201 [0m40.426 ms - 446[0m
[0mPOST /entries/ [32m201 [0m38.601 ms - 453[0m
[0mPOST /entries/ [32m201 [0m45.757 ms - 447[0m
[0mPOST /products [32m201 [0m28.693 ms - 140[0m
[0mGET /users [36m304 [0m4.297 ms - -[0m
[0mGET /products [32m200 [0m6.860 ms - 2904[0m
[0mGET /entries [32m200 [0m128.874 ms - 133650[0m
[0mPOST /entries/ [32m201 [0m35.039 ms - 451[0m
[0mPOST /entries/ [32m201 [0m45.263 ms - 447[0m
[0mPOST /entries/ [32m201 [0m33.638 ms - 447[0m
[0mPOST /entries/ [32m201 [0m38.149 ms - 456[0m
[0mPOST /entries/ [32m201 [0m34.999 ms - 445[0m
[0mPOST /entries/ [32m201 [0m32.372 ms - 461[0m
[0mPOST /entries/ [31m500 [0m27.089 ms - 70[0m
[0mPOST /entries/ [32m201 [0m40.817 ms - 450[0m
[0mPOST /products [32m201 [0m11.951 ms - 136[0m
[0mGET /users [36m304 [0m5.372 ms - -[0m
[0mGET /products [32m200 [0m14.693 ms - 2967[0m
[0mGET /entries [32m200 [0m136.201 ms - 136324[0m
[0mPOST /entries/ [32m201 [0m41.530 ms - 452[0m
[0mPOST /entries/ [32m201 [0m40.444 ms - 450[0m
[0mPOST /entries/ [32m201 [0m34.317 ms - 447[0m
[0mPOST /entries/ [32m201 [0m39.598 ms - 447[0m
[0mPOST /entries/ [32m201 [0m42.137 ms - 446[0m
[0mPOST /entries/ [32m201 [0m35.109 ms - 452[0m
[0mPOST /entries/ [32m201 [0m31.770 ms - 450[0m
[0mPOST /entries/ [32m201 [0m35.455 ms - 452[0m
[0mPOST /entries/ [32m201 [0m48.386 ms - 450[0m
[0mPOST /entries/ [32m201 [0m35.630 ms - 446[0m
[0mPOST /entries/ [32m201 [0m37.313 ms - 447[0m
[0mPOST /entries/ [32m201 [0m30.997 ms - 456[0m
[0mPOST /entries/ [32m201 [0m43.567 ms - 447[0m
[0mPOST /entries/ [32m201 [0m32.783 ms - 453[0m
[0mPOST /entries/ [32m201 [0m40.433 ms - 457[0m
[0mPOST /entries/ [32m201 [0m49.751 ms - 456[0m
[0mPOST /entries/ [32m201 [0m28.221 ms - 452[0m
[0mPOST /entries/ [32m201 [0m38.413 ms - 452[0m
[0mPOST /entries/ [32m201 [0m34.454 ms - 450[0m
[0mPOST /entries/ [32m201 [0m41.801 ms - 447[0m
[0mPOST /entries/ [31m500 [0m25.895 ms - 70[0m
[0mGET /entries/5ed0a3345a13dc0c642ce609/09-06-2020 [32m200 [0m14.223 ms - 3734[0m
[0mGET /users [36m304 [0m12.526 ms - -[0m
[0mGET /products [36m304 [0m16.636 ms - -[0m
[0mGET /entries [32m200 [0m196.400 ms - 143953[0m
[0mPOST /entries/ [32m201 [0m82.650 ms - 452[0m
[0mPOST /entries/ [32m201 [0m50.163 ms - 450[0m
[0mPOST /entries/ [32m201 [0m50.342 ms - 446[0m
[0mPOST /entries/ [32m201 [0m37.815 ms - 447[0m
[0mPOST /entries/ [32m201 [0m39.872 ms - 452[0m
[0mPOST /entries/ [32m201 [0m44.948 ms - 98[0m
[0mPOST /entries/ [32m201 [0m40.514 ms - 447[0m
[0mPOST /entries/ [32m201 [0m45.737 ms - 447[0m
[0mPOST /entries/ [32m201 [0m37.952 ms - 456[0m
[0mPOST /entries/ [32m201 [0m37.172 ms - 446[0m
[0mPOST /entries/ [32m201 [0m48.383 ms - 447[0m
[0mPOST /entries/ [32m201 [0m34.033 ms - 456[0m
[0mPOST /entries/ [32m201 [0m34.894 ms - 457[0m
[0mPOST /entries/ [32m201 [0m35.720 ms - 449[0m
[0mPOST /entries/ [32m201 [0m50.915 ms - 450[0m
[0mPOST /entries/ [32m201 [0m32.273 ms - 464[0m
[0mGET /users [36m304 [0m4392.067 ms - -[0m
[0mGET /products [36m304 [0m3390.158 ms - -[0m
[0mGET /entries [32m200 [0m9062.186 ms - 149684[0m
[0mPOST /entries/ [32m201 [0m2236.366 ms - 450[0m
[0mPOST /entries/ [32m201 [0m223.278 ms - 451[0m
[0mPOST /entries/ [32m201 [0m146.676 ms - 452[0m
[0mPOST /entries/ [32m201 [0m623.077 ms - 450[0m
[0mPOST /entries/ [32m201 [0m206.080 ms - 447[0m
[0mPOST /entries/ [32m201 [0m3102.989 ms - 453[0m
[0mPOST /products [32m201 [0m881.308 ms - 139[0m
[0mGET /users [36m304 [0m4.529 ms - -[0m
[0mGET /products [32m200 [0m12.719 ms - 3033[0m
[0mGET /entries [32m200 [0m672.473 ms - 151973[0m
[0mPOST /products [32m201 [0m201.708 ms - 146[0m
[0mGET /users [36m304 [0m5.581 ms - -[0m
[0mGET /products [32m200 [0m11.147 ms - 3106[0m
[0mGET /entries [36m304 [0m321.802 ms - -[0m
[0mPOST /products [32m201 [0m135.333 ms - 139[0m
[0mGET /users [36m304 [0m5.271 ms - -[0m
[0mGET /products [32m200 [0m10.124 ms - 3172[0m
[0mGET /entries [36m304 [0m306.588 ms - -[0m
[0mPOST /entries/ [32m201 [0m163.264 ms - 450[0m
[0mPOST /entries/ [32m201 [0m63.572 ms - 457[0m
[0mPOST /entries/ [32m201 [0m140.295 ms - 450[0m
[0mPOST /entries/ [32m201 [0m431.352 ms - 452[0m
[0mPOST /entries/ [32m201 [0m960.933 ms - 450[0m
[0mPOST /entries/ [32m201 [0m143.937 ms - 447[0m
[0mPOST /entries/ [32m201 [0m41.159 ms - 453[0m
[0mPOST /entries/ [32m201 [0m38.479 ms - 452[0m
[0mPOST /entries/ [32m201 [0m39.045 ms - 450[0m
[0mPOST /entries/ [32m201 [0m38.409 ms - 446[0m
[0mPOST /entries/ [32m201 [0m54.068 ms - 447[0m
[0mPOST /entries/ [32m201 [0m47.621 ms - 453[0m
[0mPOST /products [32m201 [0m13.189 ms - 144[0m
[0mGET /users [36m304 [0m28.635 ms - -[0m
[0mGET /products [32m200 [0m33.192 ms - 3243[0m
[0mGET /entries [32m200 [0m193.380 ms - 156552[0m
[0mPOST /entries/ [32m201 [0m34.884 ms - 455[0m
[0mPOST /entries/ [31m500 [0m28.347 ms - 70[0m
[0mPOST /entries/ [32m201 [0m568.895 ms - 460[0m
[0mPOST /entries/ [32m201 [0m46.113 ms - 460[0m
[0mPOST /entries/ [32m201 [0m36.355 ms - 450[0m
[0mPOST /entries/ [32m201 [0m36.572 ms - 446[0m
[0mPOST /entries/ [32m201 [0m43.736 ms - 446[0m
[0mPOST /entries/ [32m201 [0m41.102 ms - 447[0m
[0mPOST /entries/ [32m201 [0m33.033 ms - 448[0m
[0mPOST /entries/ [32m201 [0m49.398 ms - 452[0m
[0mPOST /entries/ [32m201 [0m40.509 ms - 458[0m
[0mPOST /products [32m201 [0m12.867 ms - 135[0m
[0mGET /users [36m304 [0m4.820 ms - -[0m
[0mGET /products [32m200 [0m11.430 ms - 3305[0m
[0mGET /entries [32m200 [0m287.448 ms - 160377[0m
[0mPOST /entries/ [32m201 [0m42.125 ms - 446[0m
[0mPOST /products [32m201 [0m9.764 ms - 135[0m
[0mGET /users [36m304 [0m4.462 ms - -[0m
[0mGET /products [32m200 [0m12.623 ms - 3367[0m
[0mGET /entries [32m200 [0m222.073 ms - 160754[0m
[0mPOST /entries/ [32m201 [0m44.541 ms - 446[0m
[0mPOST /entries/ [32m201 [0m43.826 ms - 446[0m
[0mPOST /entries/ [32m201 [0m42.944 ms - 98[0m
[0mPOST /entries/ [32m201 [0m29.200 ms - 451[0m
[0mPOST /entries/ [32m201 [0m25.291 ms - 452[0m
[0mPOST /entries/ [32m201 [0m42.274 ms - 98[0m
[0mPOST /entries/ [32m201 [0m43.707 ms - 98[0m
[0mPOST /entries/ [32m201 [0m42.570 ms - 450[0m
[0mPOST /entries/ [32m201 [0m38.942 ms - 449[0m
[0mPOST /entries/ [32m201 [0m39.440 ms - 446[0m
[0mPOST /entries/ [32m201 [0m35.011 ms - 451[0m
[0mPOST /entries/ [32m201 [0m38.652 ms - 452[0m
[0mPOST /entries/ [32m201 [0m38.502 ms - 446[0m
[0mPOST /entries/ [32m201 [0m44.133 ms - 452[0m
[0mPOST /entries/ [32m201 [0m44.629 ms - 450[0m
[0mPOST /entries/ [32m201 [0m37.693 ms - 446[0m
[0mPOST /entries/ [32m201 [0m41.392 ms - 447[0m
[0mPOST /entries/ [32m201 [0m38.343 ms - 453[0m
[0mPOST /entries/ [32m201 [0m40.038 ms - 458[0m
[0mPOST /entries/ [32m201 [0m31.894 ms - 453[0m
[0mPOST /entries/ [32m201 [0m31.948 ms - 450[0m
[0mPOST /entries/ [32m201 [0m35.452 ms - 449[0m
[0mPOST /entries/ [32m201 [0m45.383 ms - 446[0m
[0mPOST /entries/ [32m201 [0m41.765 ms - 452[0m
[0mPOST /entries/ [32m201 [0m31.741 ms - 449[0m
[0mPOST /entries/ [32m201 [0m33.749 ms - 458[0m
[0mPOST /entries/ [32m201 [0m38.394 ms - 451[0m
[0mPOST /entries/ [32m201 [0m47.950 ms - 452[0m
[0mPOST /entries/ [32m201 [0m33.810 ms - 457[0m
[0mPOST /entries/ [32m201 [0m40.113 ms - 447[0m
[0mPOST /entries/ [32m201 [0m38.233 ms - 446[0m
[0mPOST /entries/ [32m201 [0m35.072 ms - 450[0m
[0mPOST /entries/ [32m201 [0m38.428 ms - 447[0m
[0mPOST /entries/ [32m201 [0m28.914 ms - 98[0m
[0mPOST /entries/ [32m201 [0m81.023 ms - 445[0m
[0mPOST /entries/ [32m201 [0m39.866 ms - 452[0m
[0mPOST /entries/ [32m201 [0m30.179 ms - 98[0m
[0mPOST /entries/ [32m201 [0m39.094 ms - 446[0m
[0mPOST /entries/ [32m201 [0m32.867 ms - 98[0m
[0mPOST /entries/ [32m201 [0m33.201 ms - 450[0m
[0mPOST /entries/ [32m201 [0m34.144 ms - 452[0m
[0mPOST /entries/ [32m201 [0m41.833 ms - 450[0m
[0mPOST /entries/ [32m201 [0m31.000 ms - 447[0m
[0mPOST /entries/ [32m201 [0m39.430 ms - 458[0m
[0mPOST /entries/ [32m201 [0m42.756 ms - 447[0m
[0mPOST /entries/ [32m201 [0m34.732 ms - 457[0m
[0mPOST /products [32m201 [0m11.081 ms - 137[0m
[0mGET /users [36m304 [0m4.964 ms - -[0m
[0mGET /products [32m200 [0m52.340 ms - 3431[0m
[0mGET /entries [32m200 [0m191.852 ms - 176000[0m
[0mPOST /entries/ [32m201 [0m35.626 ms - 448[0m
[0mPOST /entries/ [32m201 [0m47.599 ms - 451[0m
[0mPOST /entries/ [32m201 [0m32.933 ms - 449[0m
[0mPOST /entries/ [32m201 [0m35.146 ms - 450[0m
[0mPOST /entries/ [32m201 [0m36.992 ms - 453[0m
[0mPOST /entries/ [32m201 [0m43.484 ms - 455[0m
[0mPOST /entries/ [32m201 [0m34.667 ms - 449[0m
[0mPOST /entries/ [32m201 [0m34.643 ms - 450[0m
[0mPOST /entries/ [31m500 [0m24.072 ms - 70[0m
[0mPOST /entries/ [32m201 [0m32.590 ms - 445[0m
[0mPOST /entries/ [32m201 [0m34.474 ms - 442[0m
[0mPOST /entries/ [32m201 [0m37.469 ms - 444[0m
[0mPOST /entries/ [32m201 [0m39.754 ms - 441[0m
[0mPOST /entries/ [32m201 [0m49.644 ms - 448[0m
[0mPOST /entries/ [32m201 [0m37.708 ms - 446[0m
[0mPOST /entries/ [32m201 [0m35.391 ms - 447[0m
[0mPOST /entries/ [32m201 [0m33.695 ms - 442[0m
[0mPOST /entries/ [32m201 [0m36.685 ms - 98[0m
[0mGET /users [36m304 [0m2608.011 ms - -[0m
[0mGET /products [36m304 [0m2688.381 ms - -[0m
[0mGET /entries [32m200 [0m6502.277 ms - 182056[0m
[0mPOST /entries/ [32m201 [0m1486.009 ms - 98[0m
[0mPOST /entries/ [32m201 [0m68.235 ms - 98[0m
[0mPOST /entries/ [32m201 [0m328.703 ms - 447[0m
[0mPOST /entries/ [32m201 [0m82.036 ms - 450[0m
[0mPOST /entries/ [32m201 [0m115.697 ms - 452[0m
[0mPOST /products [32m201 [0m186.183 ms - 147[0m
[0mGET /users [36m304 [0m5.794 ms - -[0m
[0mGET /products [32m200 [0m17.234 ms - 3505[0m
[0mGET /entries [32m200 [0m443.385 ms - 183198[0m
[0mPOST /entries/ [32m201 [0m78.852 ms - 458[0m
[0mPOST /entries/ [32m201 [0m125.406 ms - 455[0m
[0mPOST /entries/ [32m201 [0m70.348 ms - 453[0m
[0mPOST /entries/ [32m201 [0m51.485 ms - 98[0m
[0mPOST /entries/ [31m500 [0m29.733 ms - 70[0m
[0mPOST /entries/ [32m201 [0m38.577 ms - 460[0m
[0mPOST /entries/ [32m201 [0m37.748 ms - 452[0m
[0mPOST /entries/ [32m201 [0m64.492 ms - 450[0m
[0mPOST /entries/ [32m201 [0m36.887 ms - 449[0m
[0mPOST /entries/ [32m201 [0m37.347 ms - 452[0m
[0mPOST /entries/ [32m201 [0m116.007 ms - 450[0m
[0mPOST /entries/ [32m201 [0m39.310 ms - 447[0m
[0mPOST /entries/ [32m201 [0m47.780 ms - 446[0m
[0mPOST /entries/ [32m201 [0m38.680 ms - 446[0m
[0mPOST /entries/ [32m201 [0m47.550 ms - 457[0m
[0mPOST /entries/ [32m201 [0m66.698 ms - 450[0m
[0mPOST /entries/ [32m201 [0m43.373 ms - 448[0m
[0mPOST /entries/ [32m201 [0m46.079 ms - 446[0m
[0mPOST /entries/ [32m201 [0m44.758 ms - 445[0m
[0mPOST /entries/ [32m201 [0m32.313 ms - 445[0m
[0mPOST /entries/ [32m201 [0m49.696 ms - 445[0m
[0mPOST /entries/ [32m201 [0m31.387 ms - 98[0m
[0mPOST /entries/ [32m201 [0m38.649 ms - 448[0m
[0mPOST /entries/ [32m201 [0m75.735 ms - 446[0m
[0mPOST /entries/ [32m201 [0m48.053 ms - 98[0m
[0mPOST /entries/ [32m201 [0m74.832 ms - 451[0m
[0mPOST /entries/ [32m201 [0m43.556 ms - 445[0m
[0mPOST /entries/ [32m201 [0m48.064 ms - 442[0m
[0mPOST /entries/ [32m201 [0m39.936 ms - 448[0m
[0mPOST /entries/ [32m201 [0m40.580 ms - 446[0m
[0mPOST /entries/ [32m201 [0m59.200 ms - 443[0m
[0mPOST /entries/ [32m201 [0m64.255 ms - 448[0m
[0mPOST /entries/ [32m201 [0m60.121 ms - 446[0m
[0mPOST /entries/ [32m201 [0m1704.347 ms - 449[0m
[0mPOST /entries/ [32m201 [0m39.391 ms - 447[0m
[0mPOST /entries/ [32m201 [0m115.755 ms - 452[0m
[0mPOST /entries/ [32m201 [0m50.299 ms - 450[0m
[0mPOST /entries/ [32m201 [0m46.343 ms - 446[0m
[0mPOST /entries/ [32m201 [0m50.114 ms - 447[0m
[0mPOST /entries/ [32m201 [0m47.009 ms - 98[0m
[0mPOST /entries/ [32m201 [0m57.887 ms - 447[0m
[0mPOST /entries/ [32m201 [0m506.145 ms - 460[0m
[0mPOST /entries/ [32m201 [0m39.416 ms - 458[0m
[0mPOST /entries/ [32m201 [0m43.004 ms - 456[0m
[0mPOST /entries/ [32m201 [0m36.282 ms - 461[0m
[0mPOST /entries/ [32m201 [0m35.835 ms - 98[0m
[0mPOST /entries/ [32m201 [0m53.156 ms - 98[0m
[0mPOST /entries/ [32m201 [0m40.716 ms - 98[0m
[0mPOST /entries/ [32m201 [0m36.022 ms - 454[0m
[0mPOST /entries/ [32m201 [0m44.727 ms - 458[0m
[0mPOST /entries/ [32m201 [0m34.729 ms - 452[0m
[0mPOST /entries/ [32m201 [0m82.734 ms - 454[0m
[0mPOST /entries/ [32m201 [0m31.272 ms - 98[0m
[0mPOST /entries/ [32m201 [0m63.759 ms - 452[0m
[0mPOST /entries/ [32m201 [0m35.408 ms - 460[0m
[0mPOST /entries/ [32m201 [0m42.447 ms - 451[0m
[0mPOST /entries/ [32m201 [0m44.501 ms - 454[0m
[0mPOST /entries/ [32m201 [0m44.921 ms - 461[0m
[0mPOST /entries/ [32m201 [0m54.749 ms - 454[0m
[0mPOST /entries/ [32m201 [0m80.701 ms - 455[0m
[0mPOST /entries/ [32m201 [0m37.495 ms - 453[0m
[0mPOST /entries/ [32m201 [0m44.361 ms - 452[0m
[0mPOST /entries/ [32m201 [0m45.430 ms - 453[0m
[0mPOST /entries/ [32m201 [0m42.341 ms - 453[0m
[0mPOST /entries/ [32m201 [0m41.586 ms - 461[0m
[0mPOST /entries/ [32m201 [0m37.872 ms - 452[0m
[0mPOST /entries/ [32m201 [0m38.152 ms - 458[0m
[0mPOST /entries/ [32m201 [0m39.829 ms - 455[0m
[0mPOST /entries/ [32m201 [0m70.679 ms - 453[0m
[0mPOST /entries/ [32m201 [0m46.703 ms - 449[0m
[0mPOST /entries/ [32m201 [0m41.445 ms - 450[0m
[0mPOST /entries/ [32m201 [0m39.323 ms - 455[0m
[0mPOST /entries/ [32m201 [0m76.087 ms - 450[0m
[0mPOST /entries/ [32m201 [0m41.520 ms - 449[0m
[0mPOST /entries/ [32m201 [0m48.523 ms - 456[0m
[0mPOST /entries/ [32m201 [0m49.490 ms - 452[0m
[0mPOST /entries/ [32m201 [0m44.414 ms - 450[0m
[0mPOST /entries/ [32m201 [0m50.666 ms - 455[0m
[0mPOST /entries/ [32m201 [0m44.378 ms - 453[0m
[0mPOST /entries/ [32m201 [0m47.591 ms - 443[0m
[0mGET /products [36m304 [0m2529.216 ms - -[0m
[0mGET /users [36m304 [0m2926.729 ms - -[0m
[0mGET /entries [32m200 [0m7892.589 ms - 210341[0m
[0mPOST /entries/ [32m201 [0m2245.959 ms - 455[0m
[0mPOST /entries/ [32m201 [0m71.189 ms - 459[0m
[0mPOST /entries/ [32m201 [0m43.004 ms - 449[0m
[0mPOST /entries/ [32m201 [0m86.785 ms - 451[0m
[0mPOST /entries/ [32m201 [0m75.312 ms - 450[0m
[0mPOST /entries/ [32m201 [0m39.659 ms - 462[0m
[0mPOST /entries/ [32m201 [0m39.748 ms - 455[0m
[0mPOST /entries/ [32m201 [0m195.837 ms - 455[0m
[0mPOST /entries/ [32m201 [0m58.571 ms - 453[0m
[0mPOST /entries/ [32m201 [0m44.518 ms - 450[0m
[0mPOST /entries/ [32m201 [0m39.907 ms - 449[0m
[0mPOST /entries/ [32m201 [0m83.168 ms - 450[0m
[0mPOST /entries/ [32m201 [0m69.035 ms - 461[0m
[0mPOST /entries/ [32m201 [0m35.628 ms - 452[0m
[0mPOST /entries/ [32m201 [0m33.008 ms - 449[0m
[0mPOST /entries/ [32m201 [0m92.868 ms - 455[0m
[0mPOST /entries/ [32m201 [0m43.651 ms - 453[0m
[0mPOST /entries/ [32m201 [0m71.957 ms - 456[0m
[0mPOST /entries/ [32m201 [0m36.497 ms - 453[0m
[0mPOST /entries/ [32m201 [0m32.830 ms - 450[0m
[0mPOST /entries/ [32m201 [0m43.654 ms - 450[0m
[0mPOST /entries/ [32m201 [0m33.880 ms - 449[0m
[0mPOST /entries/ [32m201 [0m33.804 ms - 451[0m
[0mPOST /entries/ [32m201 [0m34.388 ms - 454[0m
[0mPOST /entries/ [32m201 [0m36.687 ms - 455[0m
[0mPOST /entries/ [32m201 [0m32.853 ms - 455[0m
[0mPOST /entries/ [32m201 [0m44.437 ms - 453[0m
[0mPOST /entries/ [32m201 [0m40.960 ms - 450[0m
[0mPOST /entries/ [32m201 [0m38.470 ms - 453[0m
[0mPOST /entries/ [32m201 [0m70.930 ms - 449[0m
[0mPOST /entries/ [32m201 [0m45.685 ms - 449[0m
[0mPOST /entries/ [32m201 [0m38.723 ms - 453[0m
[0mPOST /entries/ [32m201 [0m66.585 ms - 455[0m
[0mPOST /entries/ [32m201 [0m52.669 ms - 450[0m
[0mPOST /entries/ [32m201 [0m29.751 ms - 452[0m
[0mPOST /entries/ [32m201 [0m46.042 ms - 449[0m
[0mPOST /entries/ [32m201 [0m38.993 ms - 452[0m
[0mPOST /entries/ [32m201 [0m1043.328 ms - 450[0m
[0mPOST /entries/ [32m201 [0m39.578 ms - 453[0m
[0mPOST /entries/ [32m201 [0m32.195 ms - 458[0m
[0mPOST /entries/ [32m201 [0m37.702 ms - 454[0m
[0mPOST /entries/ [32m201 [0m73.845 ms - 449[0m
[0mPOST /entries/ [32m201 [0m126.047 ms - 98[0m
[0mPOST /entries/ [32m201 [0m73.155 ms - 455[0m
[0mPOST /entries/ [32m201 [0m48.662 ms - 453[0m
[0mPOST /entries/ [32m201 [0m114.576 ms - 450[0m
[0mPOST /entries/ [32m201 [0m38.444 ms - 453[0m
[0mPOST /entries/ [32m201 [0m31.044 ms - 451[0m
[0mPOST /entries/ [32m201 [0m74.145 ms - 449[0m
[0mPOST /entries/ [32m201 [0m31.122 ms - 455[0m
[0mPOST /entries/ [32m201 [0m43.096 ms - 455[0m
[0mPOST /entries/ [32m201 [0m40.063 ms - 453[0m
[0mPOST /entries/ [32m201 [0m60.113 ms - 450[0m
[0mPOST /entries/ [32m201 [0m84.542 ms - 449[0m
[0mPOST /entries/ [32m201 [0m36.518 ms - 455[0m
[0mPOST /entries/ [32m201 [0m120.546 ms - 448[0m
[0mPOST /entries/ [32m201 [0m32.731 ms - 448[0m
[0mPOST /entries/ [32m201 [0m45.697 ms - 449[0m
[0mPOST /entries/ [32m201 [0m63.104 ms - 449[0m
[0mPOST /entries/ [32m201 [0m35.955 ms - 453[0m
[0mPOST /entries/ [32m201 [0m30.088 ms - 458[0m
[0mPOST /entries/ [32m201 [0m35.084 ms - 464[0m
[0mPOST /entries/ [32m201 [0m46.984 ms - 447[0m
[0mPOST /entries/ [32m201 [0m84.456 ms - 452[0m
[0mPOST /products [32m201 [0m221.789 ms - 140[0m
[0mPOST /products [31m500 [0m26.865 ms - 51[0m
[0mGET /products [32m200 [0m23.668 ms - 3572[0m
[0mGET /users [36m304 [0m28.226 ms - -[0m
[0mGET /entries [32m200 [0m730.485 ms - 234500[0m
[0mPOST /entries/ [32m201 [0m40.200 ms - 451[0m
[0mPOST /entries/ [32m201 [0m38.644 ms - 452[0m
[0mPOST /entries/ [32m201 [0m64.894 ms - 450[0m
[0mPOST /entries/ [32m201 [0m69.587 ms - 447[0m
[0mPOST /entries/ [32m201 [0m36.744 ms - 446[0m
[0mPOST /entries/ [32m201 [0m41.998 ms - 457[0m
[0mPOST /entries/ [32m201 [0m41.256 ms - 446[0m
[0mPOST /entries/ [32m201 [0m36.199 ms - 447[0m
[0mPOST /entries/ [32m201 [0m41.748 ms - 98[0m
[0mPOST /entries/ [32m201 [0m38.725 ms - 98[0m
[0mPOST /entries/ [32m201 [0m51.760 ms - 452[0m
[0mPOST /entries/ [32m201 [0m39.797 ms - 452[0m
[0mPOST /entries/ [32m201 [0m71.069 ms - 450[0m
[0mPOST /entries/ [32m201 [0m82.436 ms - 447[0m
[0mPOST /entries/ [32m201 [0m405.504 ms - 460[0m
[0mPOST /entries/ [32m201 [0m38.373 ms - 452[0m
[0mPOST /entries/ [32m201 [0m44.091 ms - 450[0m
[0mPOST /entries/ [32m201 [0m46.493 ms - 445[0m
[0mPOST /entries/ [32m201 [0m33.088 ms - 445[0m
[0mPOST /entries/ [32m201 [0m40.291 ms - 447[0m
[0mPOST /entries/ [32m201 [0m39.332 ms - 98[0m
[0mPOST /entries/ [32m201 [0m34.563 ms - 452[0m
[0mPOST /entries/ [32m201 [0m35.592 ms - 448[0m
[0mPOST /entries/ [32m201 [0m65.045 ms - 446[0m
[0mPOST /entries/ [32m201 [0m37.660 ms - 452[0m
[0mPOST /entries/ [32m201 [0m49.722 ms - 449[0m
[0mPOST /entries/ [32m201 [0m39.723 ms - 453[0m
[0mPOST /entries/ [32m201 [0m31.518 ms - 453[0m
[0mPOST /entries/ [32m201 [0m30.371 ms - 446[0m
[0mPOST /entries/ [32m201 [0m91.888 ms - 447[0m
[0mPOST /entries/ [32m201 [0m32.576 ms - 454[0m
[0mPOST /entries/ [32m201 [0m45.115 ms - 452[0m
[0mPOST /entries/ [32m201 [0m35.945 ms - 98[0m
[0mPOST /entries/ [32m201 [0m52.018 ms - 447[0m
[0mPOST /entries/ [32m201 [0m46.116 ms - 452[0m
[0mPOST /entries/ [32m201 [0m36.315 ms - 450[0m
[0mPOST /entries/ [32m201 [0m40.390 ms - 448[0m
[0mPOST /entries/ [32m201 [0m30.227 ms - 450[0m
[0mPOST /entries/ [32m201 [0m51.838 ms - 98[0m
[0mPOST /entries/ [32m201 [0m92.175 ms - 446[0m
[0mPOST /entries/ [32m201 [0m36.913 ms - 446[0m
[0mPOST /entries/ [32m201 [0m54.120 ms - 452[0m
[0mPOST /entries/ [32m201 [0m29.277 ms - 451[0m
[0mPOST /products [32m201 [0m8.976 ms - 133[0m
[0mGET /users [36m304 [0m4.077 ms - -[0m
[0mGET /products [32m200 [0m13.057 ms - 3632[0m
[0mGET /entries [32m200 [0m758.990 ms - 248966[0m
[0mPOST /products [32m201 [0m57.817 ms - 146[0m
[0mGET /products [32m200 [0m41.996 ms - 3705[0m
[0mGET /users [36m304 [0m46.384 ms - -[0m
[0mGET /entries [36m304 [0m423.254 ms - -[0m
[0mPOST /entries/ [32m201 [0m55.089 ms - 457[0m
[0mPOST /entries/ [32m201 [0m35.574 ms - 444[0m
[0mPOST /entries/ [32m201 [0m38.912 ms - 446[0m
[0mPOST /entries/ [32m201 [0m37.733 ms - 447[0m
[0mPOST /entries/ [32m201 [0m37.587 ms - 452[0m
[0mPOST /entries/ [32m201 [0m38.832 ms - 450[0m
[0mPOST /entries/ [32m201 [0m52.808 ms - 452[0m
[0mPOST /entries/ [32m201 [0m45.874 ms - 450[0m
[0mGET /users [32m200 [0m15357.147 ms - 325[0m
[0mGET /products [32m200 [0m16698.676 ms - 3705[0m
[0mGET /products [36m304 [0m16918.717 ms - -[0m
[0mGET /users [36m304 [0m17136.758 ms - -[0m
[0mGET /users [32m200 [0m17334.549 ms - 325[0m
[0mGET /products [32m200 [0m17366.121 ms - 3705[0m
[0mGET /entries [32m200 [0m17938.520 ms - 252012[0m
[0mGET /entries [32m200 [0m18923.145 ms - 252012[0m
[0mGET /entries [32m200 [0m30014.064 ms - 252012[0m
[0mPOST /entries/ [32m201 [0m172.781 ms - 453[0m
[0mPOST /entries/ [32m201 [0m8686.348 ms - 453[0m
[0mPOST /entries/ [32m201 [0m50.739 ms - 455[0m
[0mPOST /entries/ [32m201 [0m66.062 ms - 449[0m
[0mPOST /entries/ [32m201 [0m80.160 ms - 455[0m
[0mPOST /entries/ [32m201 [0m51.349 ms - 453[0m
[0mPOST /entries/ [32m201 [0m60.842 ms - 450[0m
[0mPOST /entries/ [32m201 [0m50.959 ms - 98[0m
[0mPOST /entries/ [32m201 [0m40.682 ms - 455[0m
[0mPOST /entries/ [32m201 [0m57.666 ms - 454[0m
[0mPOST /entries/ [32m201 [0m42.537 ms - 451[0m
[0mPOST /entries/ [32m201 [0m38.903 ms - 451[0m
[0mPOST /entries/ [32m201 [0m41.945 ms - 453[0m
[0mPOST /entries/ [32m201 [0m48.530 ms - 450[0m
[0mPOST /entries/ [32m201 [0m59.860 ms - 449[0m
[0mPOST /entries/ [32m201 [0m57.987 ms - 455[0m
[0mPOST /entries/ [32m201 [0m47.826 ms - 453[0m
[0mPOST /entries/ [32m201 [0m49.627 ms - 450[0m
[0mPOST /entries/ [32m201 [0m47.746 ms - 450[0m
[0mPOST /entries/ [32m201 [0m41.631 ms - 452[0m
[0mPOST /entries/ [32m201 [0m46.277 ms - 461[0m
[0mPOST /entries/ [32m201 [0m43.258 ms - 456[0m
[0mPOST /entries/ [32m201 [0m54.712 ms - 455[0m
[0mPOST /entries/ [32m201 [0m64.293 ms - 455[0m
[0mPOST /entries/ [32m201 [0m48.656 ms - 450[0m
[0mPOST /entries/ [32m201 [0m53.250 ms - 449[0m
[0mPOST /entries/ [32m201 [0m64.141 ms - 450[0m
[0mPOST /entries/ [32m201 [0m40.529 ms - 448[0m
[0mPOST /entries/ [32m201 [0m54.599 ms - 448[0m
[0mPOST /entries/ [32m201 [0m43.470 ms - 449[0m
[0mPOST /entries/ [32m201 [0m45.194 ms - 455[0m
[0mPOST /entries/ [32m201 [0m59.022 ms - 453[0m
[0mPOST /entries/ [32m201 [0m50.850 ms - 449[0m
[0mPOST /entries/ [32m201 [0m55.645 ms - 449[0m
[0mPOST /entries/ [32m201 [0m47.654 ms - 447[0m
[0mPOST /entries/ [32m201 [0m50.323 ms - 456[0m
[0mPOST /entries/ [32m201 [0m34.923 ms - 98[0m
[0mPOST /entries/ [32m201 [0m32.581 ms - 98[0m
[0mPOST /entries/ [32m201 [0m44.030 ms - 455[0m
[0mPOST /entries/ [32m201 [0m63.338 ms - 453[0m
[0mPOST /entries/ [32m201 [0m41.921 ms - 449[0m
[0mPOST /entries/ [32m201 [0m48.251 ms - 455[0m
[0mPOST /entries/ [32m201 [0m54.272 ms - 455[0m
[0mPOST /entries/ [32m201 [0m40.199 ms - 453[0m
[0mPOST /entries/ [32m201 [0m36.013 ms - 449[0m
[0mPOST /entries/ [32m201 [0m36.796 ms - 450[0m
[0mPOST /entries/ [32m201 [0m36.434 ms - 451[0m
[0mPOST /entries/ [32m201 [0m47.312 ms - 445[0m
[0mPOST /entries/ [32m201 [0m36.561 ms - 451[0m
[0mPOST /entries/ [32m201 [0m66.517 ms - 455[0m
[0mPOST /entries/ [32m201 [0m44.686 ms - 453[0m
[0mPOST /entries/ [32m201 [0m58.977 ms - 449[0m
[0mPOST /entries/ [32m201 [0m49.121 ms - 450[0m
[0mPOST /entries/ [32m201 [0m60.461 ms - 455[0m
[0mPOST /entries/ [32m201 [0m39.912 ms - 449[0m
[0mPOST /entries/ [32m201 [0m45.217 ms - 450[0m
[0mPOST /entries/ [32m201 [0m37.171 ms - 452[0m
[0mPOST /entries/ [32m201 [0m42.367 ms - 98[0m
[0mPOST /entries/ [32m201 [0m43.464 ms - 458[0m
[0mPOST /entries/ [32m201 [0m40.256 ms - 450[0m
[0mPOST /entries/ [32m201 [0m45.263 ms - 449[0m
[0mPOST /entries/ [32m201 [0m45.121 ms - 455[0m
[0mPOST /entries/ [32m201 [0m40.269 ms - 453[0m
[0mPOST /entries/ [32m201 [0m42.572 ms - 458[0m
[0mPOST /entries/ [32m201 [0m50.395 ms - 447[0m
[0mPOST /entries/ [32m201 [0m40.922 ms - 450[0m
[0mPOST /entries/ [32m201 [0m42.903 ms - 455[0m
[0mPOST /entries/ [32m201 [0m47.826 ms - 455[0m
[0mPOST /entries/ [32m201 [0m43.652 ms - 453[0m
[0mPOST /entries/ [32m201 [0m41.930 ms - 447[0m
[0mPOST /entries/ [32m201 [0m57.185 ms - 450[0m
[0mPOST /entries/ [32m201 [0m40.914 ms - 451[0m
[0mPOST /entries/ [32m201 [0m36.736 ms - 451[0m
[0mPOST /entries/ [32m201 [0m34.000 ms - 454[0m
[0mPOST /entries/ [32m201 [0m49.695 ms - 450[0m
[0mPOST /entries/ [32m201 [0m56.126 ms - 455[0m
[0mPOST /entries/ [32m201 [0m45.472 ms - 453[0m
[0mPOST /entries/ [32m201 [0m42.300 ms - 449[0m
[0mPOST /entries/ [32m201 [0m38.107 ms - 450[0m
[0mPOST /entries/ [32m201 [0m93.388 ms - 455[0m
[0mPOST /entries/ [32m201 [0m44.238 ms - 455[0m
[0mPOST /entries/ [32m201 [0m45.245 ms - 453[0m
[0mPOST /entries/ [32m201 [0m58.406 ms - 449[0m
[0mPOST /entries/ [32m201 [0m49.103 ms - 455[0m
[0mPOST /entries/ [32m201 [0m59.975 ms - 450[0m
[0mPOST /entries/ [32m201 [0m44.603 ms - 455[0m
[0mPOST /entries/ [32m201 [0m55.866 ms - 449[0m
[0mPOST /entries/ [32m201 [0m47.527 ms - 450[0m
[0mPOST /entries/ [32m201 [0m55.711 ms - 449[0m
[0mPOST /entries/ [32m201 [0m70.569 ms - 450[0m
[0mPOST /entries/ [32m201 [0m41.893 ms - 98[0m
[0mPOST /entries/ [32m201 [0m46.019 ms - 449[0m
[0mPOST /entries/ [32m201 [0m57.301 ms - 455[0m
[0mPOST /entries/ [32m201 [0m37.404 ms - 447[0m
[0mPOST /entries/ [32m201 [0m38.581 ms - 456[0m
[0mPOST /entries/ [32m201 [0m63.170 ms - 455[0m
[0mPOST /entries/ [32m201 [0m47.489 ms - 453[0m
[0mPOST /entries/ [32m201 [0m60.446 ms - 455[0m
[0mPOST /entries/ [32m201 [0m34.852 ms - 461[0m
[0mPOST /entries/ [32m201 [0m39.289 ms - 455[0m
[0mPOST /entries/ [32m201 [0m43.603 ms - 453[0m
[0mPOST /entries/ [32m201 [0m40.680 ms - 449[0m
[0mPOST /entries/ [32m201 [0m33.878 ms - 454[0m
[0mPOST /entries/ [32m201 [0m38.493 ms - 447[0m
[0mPOST /entries/ [32m201 [0m43.960 ms - 455[0m
[0mPOST /entries/ [32m201 [0m45.250 ms - 449[0m
[0mPOST /entries/ [32m201 [0m50.061 ms - 449[0m
[0mPOST /entries/ [32m201 [0m39.530 ms - 450[0m
[0mPOST /entries/ [32m201 [0m41.101 ms - 453[0m
[0mPOST /entries/ [32m201 [0m47.160 ms - 455[0m
[0mPOST /entries/ [32m201 [0m45.993 ms - 455[0m
[0mPOST /entries/ [32m201 [0m56.404 ms - 453[0m
[0mPOST /entries/ [32m201 [0m37.636 ms - 453[0m
[0mPOST /entries/ [32m201 [0m29.405 ms - 98[0m
[0mPOST /entries/ [32m201 [0m26.316 ms - 98[0m
[0mPOST /entries/ [32m201 [0m59.106 ms - 452[0m
[0mPOST /entries/ [32m201 [0m41.238 ms - 456[0m
[0mPOST /entries/ [32m201 [0m40.825 ms - 455[0m
[0mPOST /entries/ [32m201 [0m35.921 ms - 98[0m
[0mPOST /entries/ [32m201 [0m46.431 ms - 453[0m
[0mPOST /entries/ [32m201 [0m38.996 ms - 443[0m
[0mPOST /entries/ [32m201 [0m34.683 ms - 449[0m
[0mPOST /entries/ [32m201 [0m51.726 ms - 443[0m
[0mPOST /entries/ [32m201 [0m34.733 ms - 446[0m
[0mPOST /entries/ [32m201 [0m48.475 ms - 448[0m
[0mPOST /entries/ [32m201 [0m38.422 ms - 446[0m
[0mPOST /entries/ [32m201 [0m38.524 ms - 98[0m
[0mPOST /entries/ [32m201 [0m44.956 ms - 443[0m
[0mPOST /entries/ [32m201 [0m39.325 ms - 441[0m
[0mPOST /entries/ [32m201 [0m40.279 ms - 443[0m
[0mPOST /entries/ [32m201 [0m42.240 ms - 448[0m
[0mPOST /entries/ [32m201 [0m45.565 ms - 446[0m
[0mPOST /entries/ [32m201 [0m37.739 ms - 448[0m
[0mPOST /entries/ [32m201 [0m48.734 ms - 446[0m
[0mPOST /entries/ [32m201 [0m35.711 ms - 441[0m
[0mPOST /entries/ [32m201 [0m42.872 ms - 446[0m
[0mPOST /entries/ [32m201 [0m39.702 ms - 448[0m
[0mPOST /entries/ [32m201 [0m50.468 ms - 443[0m
[0mPOST /entries/ [32m201 [0m59.794 ms - 460[0m
[0mPOST /entries/ [32m201 [0m37.822 ms - 442[0m
[0mPOST /entries/ [32m201 [0m36.170 ms - 98[0m
[0mPOST /entries/ [32m201 [0m29.864 ms - 447[0m
[0mPOST /entries/ [32m201 [0m35.525 ms - 453[0m
[0mPOST /entries/ [32m201 [0m40.331 ms - 448[0m
[0mPOST /entries/ [32m201 [0m46.353 ms - 446[0m
[0mPOST /entries/ [32m201 [0m30.547 ms - 446[0m
[0mPOST /entries/ [32m201 [0m41.701 ms - 447[0m
[0mPOST /entries/ [32m201 [0m41.603 ms - 443[0m
[0mPOST /entries/ [32m201 [0m39.477 ms - 443[0m
[0mPOST /entries/ [32m201 [0m41.530 ms - 451[0m
[0mPOST /entries/ [32m201 [0m41.355 ms - 449[0m
[0mPOST /entries/ [32m201 [0m43.091 ms - 448[0m
[0mPOST /entries/ [32m201 [0m53.718 ms - 446[0m
[0mPOST /entries/ [32m201 [0m85.669 ms - 444[0m
[0mPOST /entries/ [32m201 [0m51.006 ms - 446[0m
[0mPOST /entries/ [32m201 [0m42.761 ms - 448[0m
[0mPOST /entries/ [32m201 [0m35.774 ms - 446[0m
[0mPOST /entries/ [32m201 [0m35.673 ms - 441[0m
[0mPOST /entries/ [32m201 [0m42.870 ms - 443[0m
[0mPOST /entries/ [32m201 [0m32.448 ms - 449[0m
[0mPOST /entries/ [32m201 [0m39.480 ms - 449[0m
[0mPOST /entries/ [32m201 [0m40.495 ms - 448[0m
[0mPOST /entries/ [32m201 [0m39.558 ms - 446[0m
[0mPOST /entries/ [32m201 [0m44.249 ms - 445[0m
[0mPOST /entries/ [32m201 [0m32.093 ms - 449[0m
[0mPOST /entries/ [32m201 [0m39.254 ms - 448[0m
[0mPOST /entries/ [32m201 [0m36.357 ms - 447[0m
[0mPOST /entries/ [32m201 [0m43.772 ms - 453[0m
[0mPOST /entries/ [32m201 [0m33.222 ms - 442[0m
[0mPOST /entries/ [32m201 [0m28.907 ms - 442[0m
[0mPOST /entries/ [32m201 [0m30.089 ms - 442[0m
[0mPOST /entries/ [32m201 [0m49.563 ms - 448[0m
[0mPOST /entries/ [32m201 [0m31.938 ms - 442[0m
[0mPOST /entries/ [32m201 [0m51.637 ms - 447[0m
[0mPOST /entries/ [32m201 [0m38.639 ms - 445[0m
[0mPOST /entries/ [32m201 [0m38.348 ms - 443[0m
[0mPOST /entries/ [32m201 [0m88.001 ms - 438[0m
[0mPOST /entries/ [32m201 [0m43.253 ms - 448[0m
[0mPOST /entries/ [32m201 [0m35.322 ms - 446[0m
[0mPOST /entries/ [32m201 [0m36.790 ms - 449[0m
[0mPOST /entries/ [32m201 [0m36.358 ms - 449[0m
[0mPOST /entries/ [32m201 [0m35.402 ms - 446[0m
[0mPOST /entries/ [32m201 [0m36.485 ms - 445[0m
[0mPOST /entries/ [32m201 [0m37.995 ms - 448[0m
[0mPOST /entries/ [32m201 [0m43.671 ms - 446[0m
[0mPOST /entries/ [32m201 [0m35.294 ms - 445[0m
[0mPOST /entries/ [32m201 [0m47.353 ms - 443[0m
[0mPOST /entries/ [32m201 [0m34.454 ms - 443[0m
[0mPOST /entries/ [32m201 [0m48.668 ms - 442[0m
[0mPOST /entries/ [32m201 [0m35.350 ms - 460[0m
[0mPOST /entries/ [32m201 [0m34.641 ms - 441[0m
[0mPOST /entries/ [32m201 [0m39.759 ms - 443[0m
[0mPOST /entries/ [32m201 [0m38.318 ms - 443[0m
[0mPOST /entries/ [32m201 [0m38.836 ms - 448[0m
[0mPOST /entries/ [32m201 [0m34.633 ms - 446[0m
[0mPOST /entries/ [32m201 [0m33.590 ms - 444[0m
[0mPOST /entries/ [32m201 [0m43.208 ms - 444[0m
[0mPOST /entries/ [32m201 [0m37.239 ms - 448[0m
[0mPOST /entries/ [32m201 [0m45.273 ms - 446[0m
[0mPOST /entries/ [32m201 [0m50.201 ms - 443[0m
[0mPOST /entries/ [32m201 [0m35.998 ms - 443[0m
[0mPOST /entries/ [32m201 [0m38.068 ms - 446[0m
[0mPOST /entries/ [32m201 [0m32.328 ms - 445[0m
[0mPOST /entries/ [32m201 [0m37.891 ms - 447[0m
[0mPOST /entries/ [32m201 [0m33.470 ms - 448[0m
[0mPOST /entries/ [32m201 [0m35.956 ms - 455[0m
[0mPOST /entries/ [32m201 [0m36.163 ms - 446[0m
[0mPOST /entries/ [32m201 [0m33.876 ms - 446[0m
[0mPOST /entries/ [32m201 [0m34.957 ms - 452[0m
[0mPOST /entries/ [32m201 [0m58.628 ms - 450[0m
[0mPOST /entries/ [32m201 [0m30.775 ms - 452[0m
[0mPOST /entries/ [32m201 [0m44.228 ms - 452[0m
[0mPOST /entries/ [32m201 [0m39.634 ms - 450[0m
[0mPOST /entries/ [32m201 [0m39.442 ms - 447[0m
[0mPOST /entries/ [32m201 [0m43.779 ms - 446[0m
[0mPOST /entries/ [32m201 [0m37.643 ms - 449[0m
[0mPOST /entries/ [32m201 [0m37.495 ms - 98[0m
[0mPOST /entries/ [32m201 [0m41.244 ms - 446[0m
[0mPOST /entries/ [32m201 [0m40.512 ms - 447[0m
[0mPOST /entries/ [32m201 [0m42.354 ms - 452[0m
[0mPOST /entries/ [32m201 [0m37.492 ms - 450[0m
[0mPOST /entries/ [32m201 [0m33.305 ms - 446[0m
[0mPOST /entries/ [32m201 [0m35.045 ms - 98[0m
[0mPOST /entries/ [32m201 [0m41.607 ms - 453[0m
[0mPOST /entries/ [32m201 [0m34.353 ms - 448[0m
[0mPOST /entries/ [32m201 [0m42.795 ms - 452[0m
[0mPOST /entries/ [32m201 [0m47.146 ms - 447[0m
[0mPOST /entries/ [32m201 [0m39.689 ms - 446[0m
[0mPOST /entries/ [32m201 [0m31.726 ms - 446[0m
[0mPOST /entries/ [32m201 [0m32.661 ms - 453[0m
[0mPOST /entries/ [32m201 [0m42.797 ms - 457[0m
[0mPOST /entries/ [32m201 [0m46.693 ms - 451[0m
[0mPOST /entries/ [32m201 [0m34.390 ms - 452[0m
[0mPOST /entries/ [32m201 [0m51.984 ms - 460[0m
[0mPOST /entries/ [32m201 [0m24.368 ms - 98[0m
[0mPOST /entries/ [32m201 [0m38.260 ms - 98[0m
[0mPOST /entries/ [32m201 [0m38.046 ms - 446[0m
[0mPOST /entries/ [32m201 [0m39.137 ms - 452[0m
[0mPOST /entries/ [32m201 [0m43.842 ms - 450[0m
[0mPOST /entries/ [32m201 [0m47.574 ms - 455[0m
[0mPOST /entries/ [32m201 [0m30.210 ms - 449[0m
[0mPOST /entries/ [32m201 [0m42.602 ms - 447[0m
[0mPOST /entries/ [32m201 [0m39.019 ms - 452[0m
[0mPOST /entries/ [32m201 [0m34.694 ms - 450[0m
[0mPOST /entries/ [32m201 [0m42.533 ms - 447[0m
[0mPOST /entries/ [32m201 [0m35.732 ms - 457[0m
[0mPOST /entries/ [32m201 [0m32.272 ms - 448[0m
[0mPOST /entries/ [32m201 [0m33.015 ms - 449[0m
[0mPOST /entries/ [32m201 [0m39.085 ms - 447[0m
[0mPOST /entries/ [32m201 [0m36.225 ms - 446[0m
[0mPOST /entries/ [32m201 [0m42.432 ms - 454[0m
[0mPOST /entries/ [32m201 [0m32.093 ms - 448[0m
[0mPOST /entries/ [32m201 [0m33.732 ms - 457[0m
[0mPOST /entries/ [32m201 [0m44.590 ms - 457[0m
[0mPOST /entries/ [32m201 [0m39.075 ms - 452[0m
[0mPOST /entries/ [32m201 [0m41.324 ms - 450[0m
[0mPOST /entries/ [32m201 [0m37.347 ms - 447[0m
[0mPOST /entries/ [32m201 [0m35.506 ms - 449[0m
[0mPOST /entries/ [32m201 [0m69.314 ms - 447[0m
[0mPOST /entries/ [32m201 [0m36.368 ms - 446[0m
[0mPOST /entries/ [32m201 [0m46.224 ms - 452[0m
[0mPOST /entries/ [32m201 [0m36.471 ms - 450[0m
[0mPOST /entries/ [32m201 [0m43.427 ms - 450[0m
[0mPOST /entries/ [32m201 [0m53.311 ms - 452[0m
[0mPOST /entries/ [32m201 [0m36.941 ms - 98[0m
[0mPOST /entries/ [32m201 [0m37.367 ms - 446[0m
[0mPOST /entries/ [32m201 [0m37.234 ms - 446[0m
[0mPOST /entries/ [32m201 [0m40.478 ms - 450[0m
[0mPOST /entries/ [32m201 [0m44.689 ms - 452[0m
[0mPOST /entries/ [32m201 [0m63.797 ms - 453[0m
[0mPOST /entries/ [32m201 [0m103.480 ms - 450[0m
[0mPOST /entries/ [32m201 [0m44.755 ms - 448[0m
[0mPOST /entries/ [32m201 [0m41.127 ms - 98[0m
[0mPOST /entries/ [32m201 [0m39.401 ms - 98[0m
[0mPOST /entries/ [32m201 [0m33.697 ms - 448[0m
[0mPOST /entries/ [32m201 [0m47.429 ms - 446[0m
[0mPOST /entries/ [32m201 [0m56.777 ms - 446[0m
[0mPOST /entries/ [32m201 [0m43.857 ms - 447[0m
[0mPOST /entries/ [32m201 [0m75.211 ms - 452[0m
[0mPOST /entries/ [32m201 [0m41.058 ms - 451[0m
[0mPOST /entries/ [32m201 [0m63.383 ms - 453[0m
[0mPOST /entries/ [32m201 [0m57.973 ms - 450[0m
[0mPOST /entries/ [32m201 [0m51.079 ms - 446[0m
[0mPOST /entries/ [32m201 [0m51.277 ms - 447[0m
[0mPOST /entries/ [32m201 [0m46.673 ms - 447[0m
[0mPOST /entries/ [32m201 [0m45.473 ms - 446[0m
[0mPOST /entries/ [32m201 [0m61.426 ms - 446[0m
[0mPOST /entries/ [32m201 [0m37.625 ms - 455[0m
[0mPOST /products [32m201 [0m152.064 ms - 151[0m
[0mGET /users [32m200 [0m39.050 ms - 325[0m
[0mGET /products [32m200 [0m46.849 ms - 3783[0m
[0mGET /entries [32m200 [0m472.000 ms - 355147[0m
[0mPOST /entries/ [32m201 [0m53.105 ms - 462[0m
[0mPOST /entries/ [32m201 [0m30.974 ms - 98[0m
[0mPOST /entries/ [32m201 [0m36.073 ms - 98[0m
[0mPOST /entries/ [32m201 [0m36.149 ms - 98[0m
[0mPOST /entries/ [31m500 [0m24.821 ms - 70[0m
[0mPOST /entries/ [32m201 [0m39.944 ms - 98[0m
[0mPOST /entries/ [32m201 [0m45.388 ms - 456[0m
[0mPOST /entries/ [32m201 [0m49.038 ms - 453[0m
[0mPOST /entries/ [32m201 [0m41.201 ms - 98[0m
[0mPOST /entries/ [32m201 [0m51.217 ms - 98[0m
[0mPOST /entries/ [32m201 [0m44.398 ms - 447[0m
[0mPOST /entries/ [32m201 [0m36.757 ms - 447[0m
[0mPOST /entries/ [32m201 [0m53.419 ms - 453[0m
[0mPOST /entries/ [32m201 [0m59.139 ms - 450[0m
[0mPOST /entries/ [32m201 [0m56.947 ms - 446[0m
[0mPOST /entries/ [32m201 [0m43.959 ms - 447[0m
[0mPOST /entries/ [32m201 [0m50.538 ms - 446[0m
[0mPOST /entries/ [32m201 [0m56.941 ms - 449[0m
[0mPOST /entries/ [32m201 [0m47.191 ms - 453[0m
[0mPOST /entries/ [32m201 [0m46.129 ms - 447[0m
[0mPOST /products [32m201 [0m14.786 ms - 138[0m
[0mGET /users [32m200 [0m5.205 ms - 325[0m
[0mGET /products [32m200 [0m13.486 ms - 3848[0m
[0mGET /entries [32m200 [0m494.615 ms - 360106[0m
[0mPOST /products [32m201 [0m11.345 ms - 136[0m
[0mGET /users [32m200 [0m15.585 ms - 325[0m
[0mGET /entries [32m200 [0m313.379 ms - 360106[0m
[0mGET /products [32m200 [0m322.274 ms - 3911[0m
[0mPOST /entries/ [32m201 [0m45.531 ms - 449[0m
[0mPOST /entries/ [32m201 [0m40.581 ms - 447[0m
[0mGET /products [32m200 [0m925.684 ms - 3911[0m
[0mGET /users [36m304 [0m1017.979 ms - -[0m
[0mGET /entries [32m200 [0m1760.746 ms - 360864[0m
[0mPOST /entries/ [32m201 [0m1213.858 ms - 450[0m
[0mPOST /entries/ [32m201 [0m40.813 ms - 452[0m
[0mPOST /entries/ [32m201 [0m63.793 ms - 453[0m
[0mPOST /entries/ [32m201 [0m82.543 ms - 450[0m
[0mPOST /entries/ [32m201 [0m50.751 ms - 446[0m
[0mPOST /entries/ [32m201 [0m53.219 ms - 446[0m
[0mPOST /products [32m201 [0m25.440 ms - 138[0m
[0mGET /users [36m304 [0m5.907 ms - -[0m
[0mGET /products [32m200 [0m17.298 ms - 3976[0m
[0mGET /entries [32m200 [0m527.525 ms - 363147[0m
[0mPOST /entries/ [32m201 [0m41.286 ms - 449[0m
[0mPOST /entries/ [32m201 [0m36.937 ms - 451[0m
[0mPOST /entries/ [32m201 [0m55.881 ms - 447[0m
[0mPOST /entries/ [32m201 [0m51.994 ms - 446[0m
[0mPOST /entries/ [32m201 [0m59.112 ms - 447[0m
[0mPOST /entries/ [32m201 [0m41.738 ms - 449[0m
[0mPOST /products [32m201 [0m10.651 ms - 139[0m
[0mGET /users [36m304 [0m5.434 ms - -[0m
[0mGET /products [32m200 [0m11.328 ms - 4042[0m
[0mGET /entries [32m200 [0m392.142 ms - 365422[0m
[0mPOST /entries/ [32m201 [0m49.238 ms - 450[0m
[0mPOST /entries/ [32m201 [0m58.747 ms - 447[0m
[0mPOST /entries/ [32m201 [0m42.428 ms - 460[0m
[0mPOST /entries/ [32m201 [0m58.207 ms - 453[0m
[0mPOST /entries/ [32m201 [0m40.953 ms - 458[0m
[0mPOST /entries/ [32m201 [0m64.109 ms - 453[0m
[0mPOST /entries/ [32m201 [0m54.753 ms - 450[0m
[0mPOST /entries/ [32m201 [0m62.187 ms - 448[0m
[0mPOST /entries/ [32m201 [0m50.267 ms - 453[0m
[0mPOST /entries/ [32m201 [0m52.273 ms - 450[0m
[0mPOST /entries/ [32m201 [0m46.912 ms - 452[0m
[0mPOST /entries/ [32m201 [0m42.230 ms - 447[0m
[0mPOST /entries/ [32m201 [0m40.446 ms - 455[0m
[0mPOST /entries/ [32m201 [0m43.759 ms - 448[0m
[0mPOST /entries/ [32m201 [0m43.692 ms - 446[0m
[0mPOST /entries/ [32m201 [0m42.235 ms - 449[0m
[0mPOST /entries/ [32m201 [0m40.649 ms - 448[0m
[0mPOST /entries/ [32m201 [0m69.757 ms - 453[0m
[0mPOST /entries/ [32m201 [0m44.724 ms - 448[0m
[0mPOST /entries/ [32m201 [0m43.558 ms - 446[0m
[0mPOST /entries/ [32m201 [0m46.628 ms - 447[0m
[0mPOST /entries/ [32m201 [0m51.009 ms - 448[0m
[0mPOST /entries/ [32m201 [0m57.481 ms - 453[0m
[0mPOST /entries/ [32m201 [0m44.767 ms - 450[0m
[0mPOST /entries/ [32m201 [0m47.439 ms - 448[0m
[0mPOST /entries/ [32m201 [0m37.130 ms - 449[0m
[0mPOST /entries/ [32m201 [0m36.847 ms - 449[0m
[0mPOST /entries/ [32m201 [0m41.601 ms - 446[0m
[0mPOST /entries/ [32m201 [0m61.046 ms - 450[0m
[0mPOST /entries/ [32m201 [0m42.670 ms - 449[0m
[0mPOST /entries/ [32m201 [0m44.907 ms - 452[0m
[0mPOST /entries/ [32m201 [0m45.929 ms - 453[0m
[0mPOST /entries/ [32m201 [0m49.074 ms - 448[0m
[0mPOST /entries/ [32m201 [0m51.200 ms - 453[0m
[0mPOST /entries/ [32m201 [0m47.114 ms - 450[0m
[0mPOST /entries/ [32m201 [0m41.273 ms - 446[0m
[0mPOST /entries/ [32m201 [0m35.950 ms - 457[0m
[0mPOST /entries/ [32m201 [0m36.534 ms - 447[0m
[0mPOST /entries/ [32m201 [0m40.366 ms - 447[0m
[0mPOST /entries/ [32m201 [0m57.761 ms - 448[0m
[0mPOST /entries/ [32m201 [0m43.491 ms - 457[0m
[0mPOST /entries/ [32m201 [0m44.013 ms - 448[0m
[0mPOST /entries/ [32m201 [0m49.262 ms - 453[0m
[0mPOST /entries/ [32m201 [0m50.873 ms - 98[0m
[0mPOST /entries/ [32m201 [0m51.685 ms - 450[0m
[0mPOST /entries/ [32m201 [0m39.015 ms - 451[0m
[0mPOST /entries/ [32m201 [0m55.160 ms - 458[0m
[0mPOST /entries/ [32m201 [0m50.705 ms - 446[0m
[0mPOST /entries/ [32m201 [0m40.977 ms - 450[0m
[0mPOST /entries/ [32m201 [0m35.298 ms - 450[0m
[0mPOST /entries/ [32m201 [0m41.443 ms - 448[0m
[0mPOST /entries/ [32m201 [0m40.555 ms - 98[0m
[0mPOST /entries/ [32m201 [0m49.274 ms - 449[0m
[0mPOST /entries/ [32m201 [0m49.657 ms - 455[0m
[0mPOST /entries/ [32m201 [0m47.322 ms - 450[0m
[0mPOST /entries/ [32m201 [0m47.910 ms - 455[0m
[0mPOST /entries/ [32m201 [0m48.520 ms - 453[0m
[0mPOST /entries/ [32m201 [0m48.697 ms - 449[0m
[0mPOST /entries/ [32m201 [0m40.335 ms - 450[0m
[0mPOST /entries/ [32m201 [0m44.166 ms - 460[0m
[0mPOST /entries/ [32m201 [0m55.207 ms - 455[0m
[0mPOST /entries/ [32m201 [0m54.042 ms - 453[0m
[0mPOST /entries/ [32m201 [0m55.416 ms - 449[0m
[0mPOST /entries/ [32m201 [0m40.549 ms - 456[0m
[0mPOST /entries/ [32m201 [0m52.752 ms - 449[0m
[0mPOST /entries/ [32m201 [0m49.395 ms - 455[0m
[0mPOST /entries/ [32m201 [0m41.278 ms - 450[0m
[0mPOST /entries/ [32m201 [0m40.306 ms - 450[0m
[0mPOST /entries/ [32m201 [0m51.743 ms - 455[0m
[0mPOST /entries/ [32m201 [0m68.247 ms - 453[0m
[0mPOST /entries/ [32m201 [0m44.187 ms - 451[0m
[0mPOST /entries/ [32m201 [0m42.629 ms - 453[0m
[0mPOST /entries/ [32m201 [0m44.023 ms - 450[0m
[0mPOST /entries/ [32m201 [0m63.535 ms - 453[0m
[0mPOST /products [32m201 [0m16.905 ms - 131[0m
[0mGET /users [36m304 [0m5.454 ms - -[0m
[0mGET /products [32m200 [0m20.904 ms - 4100[0m
[0mGET /entries [32m200 [0m450.616 ms - 392922[0m
[0mPOST /entries/ [32m201 [0m41.092 ms - 445[0m
[0mPOST /entries/ [32m201 [0m287.168 ms - 456[0m
[0mPOST /entries/ [32m201 [0m41.459 ms - 451[0m
[0mPOST /entries/ [32m201 [0m58.069 ms - 455[0m
[0mPOST /entries/ [32m201 [0m46.378 ms - 449[0m
[0mPOST /entries/ [32m201 [0m41.811 ms - 447[0m
[0mPOST /entries/ [32m201 [0m51.943 ms - 449[0m
[0mPOST /entries/ [32m201 [0m63.403 ms - 461[0m
[0mPOST /entries/ [32m201 [0m61.634 ms - 459[0m
[0mPOST /entries/ [32m201 [0m56.068 ms - 456[0m
[0mPOST /entries/ [32m201 [0m58.964 ms - 458[0m
[0mPOST /entries/ [32m201 [0m47.530 ms - 456[0m
[0mPOST /entries/ [32m201 [0m58.222 ms - 461[0m
[0mPOST /entries/ [32m201 [0m61.666 ms - 459[0m
[0mPOST /entries/ [32m201 [0m59.246 ms - 459[0m
[0mPOST /entries/ [32m201 [0m59.005 ms - 461[0m
[0mPOST /entries/ [32m201 [0m58.754 ms - 456[0m
[0mPOST /entries/ [32m201 [0m47.230 ms - 449[0m
[0mPOST /entries/ [32m201 [0m57.119 ms - 449[0m
[0mPOST /entries/ [32m201 [0m54.188 ms - 450[0m
[0mPOST /entries/ [32m201 [0m49.659 ms - 455[0m
[0mPOST /entries/ [32m201 [0m55.331 ms - 461[0m
[0mPOST /entries/ [32m201 [0m49.857 ms - 459[0m
[0mPOST /entries/ [32m201 [0m47.412 ms - 459[0m
[0mPOST /entries/ [32m201 [0m41.545 ms - 449[0m
[0mPOST /entries/ [32m201 [0m38.601 ms - 460[0m
[0mPOST /entries/ [32m201 [0m59.615 ms - 461[0m
[0mPOST /entries/ [32m201 [0m62.475 ms - 459[0m
[0mPOST /entries/ [32m201 [0m62.261 ms - 456[0m
[0mPOST /entries/ [32m201 [0m46.155 ms - 455[0m
[0mPOST /entries/ [32m201 [0m60.184 ms - 461[0m
[0mPOST /entries/ [32m201 [0m57.577 ms - 459[0m
[0mPOST /entries/ [32m201 [0m67.952 ms - 456[0m
[0mPOST /entries/ [32m201 [0m42.597 ms - 452[0m
[0mPOST /entries/ [32m201 [0m50.888 ms - 449[0m
[0mPOST /entries/ [32m201 [0m56.631 ms - 456[0m
[0mPOST /entries/ [32m201 [0m57.100 ms - 461[0m
[0mPOST /entries/ [32m201 [0m55.558 ms - 459[0m
[0mPOST /entries/ [32m201 [0m48.418 ms - 461[0m
[0mPOST /entries/ [32m201 [0m42.118 ms - 455[0m
[0mPOST /entries/ [32m201 [0m42.135 ms - 458[0m
[0mPOST /entries/ [32m201 [0m53.122 ms - 458[0m
[0mPOST /entries/ [32m201 [0m55.562 ms - 456[0m
[0mPOST /entries/ [32m201 [0m39.529 ms - 460[0m
[0mPOST /entries/ [32m201 [0m29.147 ms - 98[0m
[0mPOST /entries/ [32m201 [0m68.929 ms - 449[0m
[0mPOST /entries/ [32m201 [0m44.016 ms - 452[0m
[0mPOST /entries/ [32m201 [0m41.171 ms - 451[0m
[0mPOST /entries/ [32m201 [0m42.909 ms - 457[0m
[0mPOST /entries/ [32m201 [0m52.143 ms - 456[0m
[0mPOST /entries/ [32m201 [0m41.374 ms - 450[0m
[0mPOST /entries/ [32m201 [0m43.739 ms - 449[0m
[0mPOST /entries/ [32m201 [0m48.287 ms - 449[0m
[0mPOST /entries/ [32m201 [0m61.612 ms - 456[0m
[0mPOST /entries/ [32m201 [0m42.356 ms - 461[0m
[0mPOST /entries/ [32m201 [0m64.874 ms - 461[0m
[0mPOST /entries/ [32m201 [0m71.618 ms - 459[0m
[0mPOST /entries/ [32m201 [0m43.492 ms - 449[0m
[0mPOST /entries/ [32m201 [0m46.581 ms - 451[0m
[0mPOST /entries/ [32m201 [0m38.648 ms - 461[0m
[0mPOST /entries/ [32m201 [0m52.593 ms - 456[0m
[0mPOST /entries/ [32m201 [0m55.863 ms - 461[0m
[0mPOST /entries/ [32m201 [0m57.724 ms - 461[0m
[0mPOST /entries/ [32m201 [0m52.823 ms - 459[0m
[0mPOST /entries/ [32m201 [0m50.297 ms - 449[0m
[0mPOST /entries/ [32m201 [0m45.076 ms - 455[0m
[0mPOST /entries/ [32m201 [0m43.955 ms - 450[0m
[0mPOST /entries/ [32m201 [0m37.858 ms - 448[0m
[0mPOST /entries/ [32m201 [0m33.744 ms - 464[0m
[0mPOST /entries/ [32m201 [0m43.073 ms - 449[0m
[0mPOST /entries/ [32m201 [0m51.670 ms - 461[0m
[0mPOST /entries/ [32m201 [0m50.046 ms - 459[0m
[0mPOST /entries/ [32m201 [0m52.482 ms - 456[0m
[0mPOST /entries/ [32m201 [0m42.988 ms - 453[0m
[0mPOST /entries/ [32m201 [0m58.235 ms - 456[0m
[0mPOST /entries/ [32m201 [0m41.689 ms - 451[0m
[0mPOST /entries/ [32m201 [0m43.500 ms - 448[0m
[0mPOST /entries/ [32m201 [0m54.423 ms - 458[0m
[0mPOST /entries/ [32m201 [0m54.812 ms - 461[0m
[0mPOST /entries/ [32m201 [0m64.849 ms - 461[0m
[0mPOST /entries/ [32m201 [0m50.490 ms - 459[0m
[0mPOST /entries/ [32m201 [0m45.885 ms - 458[0m
[0mPOST /entries/ [32m201 [0m40.631 ms - 451[0m
[0mPOST /entries/ [32m201 [0m47.712 ms - 450[0m
[0mPOST /entries/ [32m201 [0m50.731 ms - 448[0m
[0mPOST /entries/ [32m201 [0m48.183 ms - 458[0m
[0mPOST /entries/ [32m201 [0m48.297 ms - 449[0m
[0mPOST /entries/ [32m201 [0m40.359 ms - 449[0m
[0mPOST /entries/ [32m201 [0m53.544 ms - 455[0m
[0mPOST /entries/ [32m201 [0m46.443 ms - 449[0m
[0mPOST /entries/ [32m201 [0m51.915 ms - 462[0m
[0mPOST /entries/ [32m201 [0m63.922 ms - 459[0m
[0mPOST /entries/ [32m201 [0m60.920 ms - 458[0m
[0mPOST /entries/ [32m201 [0m44.476 ms - 461[0m
[0mPOST /entries/ [32m201 [0m43.318 ms - 449[0m
[0mPOST /entries/ [32m201 [0m35.169 ms - 461[0m
[0mPOST /entries/ [32m201 [0m36.482 ms - 448[0m
[0mPOST /entries/ [32m201 [0m52.509 ms - 458[0m
[0mPOST /entries/ [32m201 [0m43.097 ms - 449[0m
[0mPOST /entries/ [32m201 [0m41.816 ms - 450[0m
[0mPOST /entries/ [32m201 [0m61.616 ms - 462[0m
[0mPOST /entries/ [32m201 [0m59.778 ms - 459[0m
[0mPOST /entries/ [32m201 [0m71.817 ms - 456[0m
[0mPOST /entries/ [32m201 [0m53.494 ms - 449[0m
[0mPOST /entries/ [32m201 [0m63.821 ms - 450[0m
[0mPOST /entries/ [32m201 [0m49.853 ms - 448[0m
[0mPOST /entries/ [32m201 [0m83.168 ms - 462[0m
[0mPOST /entries/ [32m201 [0m62.338 ms - 459[0m
[0mPOST /entries/ [32m201 [0m81.477 ms - 457[0m
[0mPOST /entries/ [32m201 [0m51.388 ms - 458[0m
[0mPOST /entries/ [32m201 [0m44.873 ms - 458[0m
[0mPOST /entries/ [32m201 [0m39.559 ms - 452[0m
[0mPOST /entries/ [32m201 [0m40.290 ms - 451[0m
[0mPOST /entries/ [32m201 [0m39.793 ms - 457[0m
[0mPOST /entries/ [32m201 [0m44.724 ms - 456[0m
[0mPOST /entries/ [32m201 [0m40.812 ms - 452[0m
[0mPOST /entries/ [32m201 [0m57.553 ms - 457[0m
[0mPOST /entries/ [32m201 [0m59.422 ms - 462[0m
[0mPOST /entries/ [32m201 [0m67.676 ms - 460[0m
[0mPOST /entries/ [32m201 [0m44.226 ms - 450[0m
[0mPOST /entries/ [32m201 [0m37.249 ms - 450[0m
[0mPOST /entries/ [32m201 [0m43.640 ms - 453[0m
[0mPOST /entries/ [32m201 [0m43.357 ms - 451[0m
[0mPOST /entries/ [32m201 [0m34.645 ms - 456[0m
[0mPOST /entries/ [32m201 [0m37.997 ms - 459[0m
[0mPOST /entries/ [32m201 [0m39.195 ms - 459[0m
[0mPOST /entries/ [32m201 [0m64.987 ms - 457[0m
[0mPOST /entries/ [32m201 [0m57.139 ms - 452[0m
[0mPOST /entries/ [32m201 [0m37.218 ms - 454[0m
[0mPOST /entries/ [32m201 [0m38.713 ms - 455[0m
[0mPOST /entries/ [32m201 [0m42.829 ms - 454[0m
[0mPOST /entries/ [32m201 [0m50.047 ms - 98[0m
[0mPOST /entries/ [32m201 [0m48.549 ms - 98[0m
[0mPOST /entries/ [32m201 [0m52.301 ms - 98[0m
[0mPOST /entries/ [32m201 [0m39.798 ms - 454[0m
[0mPOST /entries/ [32m201 [0m46.215 ms - 456[0m
[0mPOST /entries/ [32m201 [0m57.566 ms - 453[0m
[0mPOST /entries/ [32m201 [0m53.987 ms - 449[0m
[0mPOST /entries/ [32m201 [0m53.483 ms - 450[0m
[0mPOST /entries/ [32m201 [0m45.221 ms - 450[0m
[0mPOST /entries/ [32m201 [0m42.142 ms - 458[0m
[0mPOST /entries/ [32m201 [0m44.878 ms - 455[0m
[0mPOST /entries/ [32m201 [0m64.454 ms - 453[0m
[0mPOST /entries/ [32m201 [0m66.483 ms - 450[0m
[0mPOST /entries/ [32m201 [0m40.897 ms - 452[0m
[0mPOST /entries/ [32m201 [0m42.616 ms - 449[0m
[0mPOST /entries/ [32m201 [0m52.143 ms - 454[0m
[0mPOST /entries/ [32m201 [0m39.158 ms - 461[0m
[0mPOST /entries/ [32m201 [0m50.256 ms - 449[0m
[0mPOST /entries/ [32m201 [0m46.231 ms - 450[0m
[0mPOST /entries/ [32m201 [0m49.352 ms - 448[0m
[0mPOST /entries/ [32m201 [0m45.652 ms - 446[0m
[0mPOST /entries/ [32m201 [0m47.374 ms - 441[0m
[0mPOST /entries/ [32m201 [0m52.568 ms - 443[0m
[0mPOST /entries/ [32m201 [0m35.421 ms - 451[0m
[0mPOST /entries/ [32m201 [0m41.268 ms - 443[0m
[0mPOST /entries/ [32m201 [0m44.312 ms - 446[0m
[0mPOST /entries/ [32m201 [0m39.017 ms - 448[0m
[0mPOST /entries/ [32m201 [0m41.323 ms - 446[0m
[0mPOST /entries/ [32m201 [0m43.080 ms - 443[0m
[0mPOST /entries/ [32m201 [0m50.646 ms - 444[0m
[0mPOST /entries/ [32m201 [0m56.111 ms - 448[0m
[0mPOST /entries/ [32m201 [0m35.996 ms - 451[0m
[0mPOST /entries/ [32m201 [0m40.433 ms - 443[0m
[0mPOST /entries/ [32m201 [0m49.092 ms - 446[0m
[0mPOST /entries/ [32m201 [0m51.496 ms - 444[0m
[0mPOST /entries/ [32m201 [0m40.155 ms - 442[0m
[0mPOST /entries/ [32m201 [0m42.413 ms - 446[0m
[0mPOST /entries/ [32m201 [0m45.035 ms - 443[0m
[0mPOST /entries/ [32m201 [0m35.197 ms - 448[0m
[0mPOST /entries/ [32m201 [0m40.009 ms - 442[0m
[0mPOST /entries/ [32m201 [0m52.198 ms - 443[0m
[0mPOST /entries/ [32m201 [0m57.317 ms - 448[0m
[0mPOST /entries/ [32m201 [0m45.589 ms - 446[0m
[0mPOST /entries/ [32m201 [0m45.824 ms - 438[0m
[0mPOST /entries/ [32m201 [0m45.054 ms - 445[0m
[0mPOST /entries/ [32m201 [0m42.093 ms - 446[0m
[0mPOST /entries/ [32m201 [0m43.755 ms - 443[0m
[0mPOST /entries/ [32m201 [0m47.854 ms - 448[0m
[0mPOST /entries/ [32m201 [0m40.408 ms - 446[0m
[0mPOST /entries/ [32m201 [0m38.100 ms - 445[0m
[0mPOST /entries/ [32m201 [0m45.197 ms - 451[0m
[0mPOST /entries/ [32m201 [0m44.614 ms - 449[0m
[0mPOST /entries/ [32m201 [0m42.664 ms - 443[0m
[0mPOST /entries/ [32m201 [0m48.742 ms - 448[0m
[0mPOST /entries/ [32m201 [0m44.120 ms - 446[0m
[0mPOST /entries/ [32m201 [0m47.187 ms - 443[0m
[0mPOST /entries/ [32m201 [0m51.131 ms - 448[0m
[0mPOST /entries/ [32m201 [0m38.023 ms - 444[0m
[0mPOST /entries/ [32m201 [0m48.103 ms - 443[0m
[0mPOST /entries/ [32m201 [0m42.266 ms - 443[0m
[0mPOST /entries/ [32m201 [0m48.429 ms - 448[0m
[0mPOST /entries/ [32m201 [0m39.995 ms - 445[0m
[0mPOST /entries/ [32m201 [0m65.395 ms - 443[0m
[0mPOST /entries/ [32m201 [0m56.822 ms - 448[0m
[0mPOST /entries/ [32m201 [0m45.904 ms - 446[0m
[0mPOST /entries/ [32m201 [0m36.069 ms - 445[0m
[0mPOST /entries/ [32m201 [0m41.468 ms - 443[0m
[0mPOST /entries/ [32m201 [0m44.523 ms - 448[0m
[0mPOST /entries/ [32m201 [0m41.916 ms - 98[0m
[0mPOST /entries/ [32m201 [0m42.301 ms - 443[0m
[0mPOST /entries/ [32m201 [0m37.187 ms - 444[0m
[0mPOST /entries/ [32m201 [0m48.071 ms - 448[0m
[0mPOST /entries/ [32m201 [0m46.515 ms - 446[0m
[0mPOST /entries/ [32m201 [0m46.015 ms - 448[0m
[0mPOST /entries/ [32m201 [0m41.560 ms - 445[0m
[0mPOST /entries/ [32m201 [0m47.422 ms - 448[0m
[0mPOST /entries/ [32m201 [0m60.089 ms - 446[0m
[0mPOST /entries/ [32m201 [0m36.065 ms - 445[0m
[0mPOST /entries/ [32m201 [0m38.585 ms - 453[0m
[0mPOST /entries/ [32m201 [0m51.808 ms - 448[0m
[0mPOST /entries/ [32m201 [0m53.155 ms - 446[0m
[0mPOST /entries/ [32m201 [0m45.904 ms - 443[0m
[0mGET /entries/5ed0a3345a13dc0c642ce609/25-09-2020 [32m200 [0m446.812 ms - 5166[0m
[0mGET /products [36m304 [0m2110.103 ms - -[0m
[0mGET /users [36m304 [0m2480.833 ms - -[0m
[0mGET /entries [32m200 [0m4073.195 ms - 471155[0m
[0mPOST /users [32m201 [0m973.656 ms - 136[0m
[0mGET /users [32m200 [0m8.278 ms - 394[0m
[0mGET /products [36m304 [0m15.894 ms - -[0m
[0mGET /entries [36m304 [0m602.357 ms - -[0m
[0mGET /users [36m304 [0m20.021 ms - -[0m
[0mGET /products [36m304 [0m29.881 ms - -[0m
[0mGET /entries [36m304 [0m428.686 ms - -[0m
[0mPOST /entries/ [32m201 [0m312.099 ms - 454[0m
[0mPOST /entries/ [32m201 [0m42.364 ms - 452[0m
[0mPOST /entries/ [32m201 [0m44.148 ms - 448[0m
[0mPOST /entries/ [32m201 [0m81.908 ms - 449[0m
[0mPOST /entries/ [32m201 [0m44.636 ms - 452[0m
[0mPOST /entries/ [32m201 [0m48.111 ms - 98[0m
[0mPOST /entries/ [32m201 [0m38.313 ms - 98[0m
[0mPOST /entries/ [32m201 [0m55.462 ms - 98[0m
[0mPOST /entries/ [32m201 [0m70.758 ms - 98[0m
[0mPOST /entries/ [32m201 [0m112.803 ms - 98[0m
[0mGET /entries/5f7accf955b3f31f9844737b/05-10-2020 [32m200 [0m837.838 ms - 5144[0m
[0mGET /users [36m304 [0m6.268 ms - -[0m
[0mGET /products [36m304 [0m21.616 ms - -[0m
[0mGET /entries [32m200 [0m540.183 ms - 473065[0m
[0mPOST /entries/ [32m201 [0m47.377 ms - 449[0m
[0mPOST /entries/ [32m201 [0m38.513 ms - 456[0m
[0mPOST /entries/ [32m201 [0m50.567 ms - 453[0m
[0mPOST /entries/ [32m201 [0m43.180 ms - 458[0m
[0mPOST /entries/ [32m201 [0m38.401 ms - 451[0m
[0mPOST /entries/ [32m201 [0m40.499 ms - 448[0m
[0mPOST /products [32m201 [0m63.798 ms - 141[0m
[0mGET /users [36m304 [0m6.553 ms - -[0m
[0mGET /products [32m200 [0m19.066 ms - 4168[0m
[0mGET /entries [32m200 [0m469.382 ms - 475366[0m
[0mPOST /entries/ [32m201 [0m44.021 ms - 455[0m
[0mPOST /entries/ [32m201 [0m42.261 ms - 450[0m
[0mPOST /entries/ [32m201 [0m38.568 ms - 449[0m
[0mPOST /entries/ [32m201 [0m39.403 ms - 451[0m
[0mPOST /entries/ [32m201 [0m41.057 ms - 458[0m
[0mPOST /entries/ [32m201 [0m41.228 ms - 460[0m
[0mPOST /entries/ [32m201 [0m49.382 ms - 452[0m
[0mGET /entries/5f7accf955b3f31f9844737b/05-10-2020 [32m200 [0m23.960 ms - 5229[0m
[0mGET /entries/5f7acdbf55b3f31f984473bd [32m200 [0m5.619 ms - 449[0m
[0mPUT /entries/ [32m201 [0m75.064 ms - 98[0m
[0mGET /users [36m304 [0m97.075 ms - -[0m
[0mGET /products [36m304 [0m107.550 ms - -[0m
[0mGET /entries [32m200 [0m431.886 ms - 478058[0m
[0mGET /entries/5f7accf955b3f31f9844737b/05-10-2020 [32m200 [0m22.619 ms - 5229[0m
[0mGET /entries [36m304 [0m1279.966 ms - -[0m
[0mGET /users [36m304 [0m1235.064 ms - -[0m
[0mGET /products [36m304 [0m1246.065 ms - -[0m
[0mPOST /entries/ [32m201 [0m6177.845 ms - 457[0m
[0mPOST /entries/ [32m201 [0m54.937 ms - 455[0m
[0mPOST /entries/ [32m201 [0m46.962 ms - 451[0m
[0mPOST /entries/ [32m201 [0m59.879 ms - 454[0m
[0mGET /entries/5f7accf955b3f31f9844737b/06-10-2020 [32m200 [0m4652.969 ms - 5229[0m
[0mGET /entries/5f7accf955b3f31f9844737b/06-10-2020 [36m304 [0m33.606 ms - -[0m
[0mGET /users [36m304 [0m17.536 ms - -[0m
[0mGET /products [36m304 [0m28.490 ms - -[0m
[0mGET /entries [32m200 [0m506.338 ms - 479599[0m
[0mPOST /users [32m201 [0m32.707 ms - 135[0m
[0mGET /users [32m200 [0m6.211 ms - 462[0m
[0mGET /products [36m304 [0m19.897 ms - -[0m
[0mGET /entries [36m304 [0m474.846 ms - -[0m
[0mPOST /users [32m201 [0m23.599 ms - 129[0m
[0mGET /users [32m200 [0m8.934 ms - 524[0m
[0mGET /products [36m304 [0m12.557 ms - -[0m
[0mGET /entries [36m304 [0m411.723 ms - -[0m
[0mPOST /entries/ [32m201 [0m270.529 ms - 459[0m
[0mPOST /entries/ [31m500 [0m38.096 ms - 88[0m
[0mPOST /entries/ [31m500 [0m32.607 ms - 88[0m
[0mPOST /entries/ [31m500 [0m36.817 ms - 88[0m
[0mGET /entries/5f7accf955b3f31f9844737b/05-10-2020 [32m200 [0m20.263 ms - 5229[0m
[0mPOST /entries/ [31m500 [0m40.486 ms - 88[0m
[0mPOST /entries/ [31m500 [0m42.709 ms - 88[0m
[0mPOST /entries/ [32m201 [0m41.372 ms - 98[0m
[0mPOST /entries/ [32m201 [0m45.916 ms - 98[0m
[0mPOST /entries/ [32m201 [0m42.231 ms - 98[0m
[0mPOST /entries/ [32m201 [0m49.766 ms - 462[0m
[0mPOST /entries/ [31m500 [0m38.224 ms - 88[0m
[0mPOST /entries/ [32m201 [0m57.381 ms - 456[0m
[0mGET /users [36m304 [0m1517.538 ms - -[0m
[0mGET /products [36m304 [0m1882.421 ms - -[0m
[0mGET /entries [32m200 [0m3574.302 ms - 479599[0m
[0mGET /entries/5f7c53471cc1f11f080aefb1/07-10-2020 [32m200 [0m554.138 ms - 5229[0m
[0mPOST /entries/ [32m201 [0m1113.992 ms - 447[0m
[0mPOST /entries/ [32m201 [0m75.231 ms - 455[0m
[0mPOST /entries/ [32m201 [0m43.045 ms - 451[0m
[0mPOST /entries/ [32m201 [0m66.557 ms - 451[0m
[0mPOST /entries/ [32m201 [0m51.334 ms - 460[0m
[0mPOST /entries/ [32m201 [0m46.876 ms - 452[0m
[0mPOST /entries/ [32m201 [0m41.365 ms - 448[0m
[0mPOST /entries/ [32m201 [0m41.292 ms - 447[0m
[0mPOST /entries/ [32m201 [0m46.721 ms - 448[0m
[0mPOST /entries/ [32m201 [0m47.157 ms - 459[0m
[0mPOST /entries/ [32m201 [0m44.220 ms - 453[0m
[0mPOST /entries/ [32m201 [0m49.123 ms - 453[0m
[0mPOST /entries/ [32m201 [0m40.435 ms - 451[0m
[0mPOST /entries/ [32m201 [0m42.548 ms - 450[0m
[0mPOST /entries/ [32m201 [0m54.020 ms - 448[0m
[0mPOST /entries/ [32m201 [0m39.124 ms - 450[0m
[0mPOST /entries/ [32m201 [0m47.800 ms - 454[0m
[0mPOST /entries/ [32m201 [0m47.741 ms - 98[0m
[0mPOST /entries/ [32m201 [0m41.875 ms - 98[0m
[0mGET /entries/5f7c53471cc1f11f080aefb1/07-10-2020 [32m200 [0m119.296 ms - 5229[0m
[0mGET /users [36m304 [0m2312.138 ms - -[0m
[0mGET /products [36m304 [0m2610.648 ms - -[0m
[0mGET /entries [32m200 [0m4420.315 ms - 486103[0m
